This file contains any messages produced by compilers while
running configure, to aid debugging if configure makes a mistake.

It was created by fuse-ufs configure 0.0.1, which was
generated by GNU Autoconf 2.69.  Invocation command line was

  $ ./configure 

## --------- ##
## Platform. ##
## --------- ##

hostname = devils-den
uname -m = i686
uname -r = 3.5.0-26-generic
uname -s = Linux
uname -v = #42-Ubuntu SMP Fri Mar 8 23:20:06 UTC 2013

/usr/bin/uname -p = unknown
/bin/uname -X     = unknown

/bin/arch              = unknown
/usr/bin/arch -k       = unknown
/usr/convex/getsysinfo = unknown
/usr/bin/hostinfo      = unknown
/bin/machine           = unknown
/usr/bin/oslevel       = unknown
/bin/universe          = unknown

PATH: /home/mkatiyar/bin
PATH: /usr/lib/lightdm/lightdm
PATH: /usr/local/sbin
PATH: /usr/local/bin
PATH: /usr/sbin
PATH: /usr/bin
PATH: /sbin
PATH: /bin
PATH: /usr/games
PATH: /usr/local/games
PATH: /home/mkatiyar/bin


## ----------- ##
## Core tests. ##
## ----------- ##

configure:2542: checking build system type
configure:2556: result: i686-pc-linux-gnu
configure:2576: checking host system type
configure:2589: result: i686-pc-linux-gnu
configure:2609: checking target system type
configure:2622: result: i686-pc-linux-gnu
configure:2664: checking for a BSD-compatible install
configure:2732: result: /usr/bin/install -c
configure:2743: checking whether build environment is sane
configure:2793: result: yes
configure:2934: checking for a thread-safe mkdir -p
configure:2973: result: /bin/mkdir -p
configure:2986: checking for gawk
configure:3002: found /usr/bin/gawk
configure:3013: result: gawk
configure:3024: checking whether make sets $(MAKE)
configure:3046: result: yes
configure:3188: checking for g++
configure:3204: found /usr/bin/g++
configure:3215: result: g++
configure:3242: checking for C++ compiler version
configure:3251: g++ --version >&5
g++ (Ubuntu/Linaro 4.7.2-2ubuntu1) 4.7.2
Copyright (C) 2012 Free Software Foundation, Inc.
This is free software; see the source for copying conditions.  There is NO
warranty; not even for MERCHANTABILITY or FITNESS FOR A PARTICULAR PURPOSE.

configure:3262: $? = 0
configure:3251: g++ -v >&5
Using built-in specs.
COLLECT_GCC=g++
COLLECT_LTO_WRAPPER=/usr/lib/gcc/i686-linux-gnu/4.7/lto-wrapper
Target: i686-linux-gnu
Configured with: ../src/configure -v --with-pkgversion='Ubuntu/Linaro 4.7.2-2ubuntu1' --with-bugurl=file:///usr/share/doc/gcc-4.7/README.Bugs --enable-languages=c,c++,go,fortran,objc,obj-c++ --prefix=/usr --program-suffix=-4.7 --enable-shared --enable-linker-build-id --with-system-zlib --libexecdir=/usr/lib --without-included-gettext --enable-threads=posix --with-gxx-include-dir=/usr/include/c++/4.7 --libdir=/usr/lib --enable-nls --with-sysroot=/ --enable-clocale=gnu --enable-libstdcxx-debug --enable-libstdcxx-time=yes --enable-gnu-unique-object --enable-plugin --enable-objc-gc --enable-targets=all --disable-werror --with-arch-32=i686 --with-tune=generic --enable-checking=release --build=i686-linux-gnu --host=i686-linux-gnu --target=i686-linux-gnu
Thread model: posix
gcc version 4.7.2 (Ubuntu/Linaro 4.7.2-2ubuntu1) 
configure:3262: $? = 0
configure:3251: g++ -V >&5
g++: error: unrecognized command line option '-V'
g++: fatal error: no input files
compilation terminated.
configure:3262: $? = 4
configure:3251: g++ -qversion >&5
g++: error: unrecognized command line option '-qversion'
g++: fatal error: no input files
compilation terminated.
configure:3262: $? = 4
configure:3282: checking whether the C++ compiler works
configure:3304: g++    conftest.cpp  >&5
configure:3308: $? = 0
configure:3356: result: yes
configure:3359: checking for C++ compiler default output file name
configure:3361: result: a.out
configure:3367: checking for suffix of executables
configure:3374: g++ -o conftest    conftest.cpp  >&5
configure:3378: $? = 0
configure:3400: result: 
configure:3422: checking whether we are cross compiling
configure:3430: g++ -o conftest    conftest.cpp  >&5
configure:3434: $? = 0
configure:3441: ./conftest
configure:3445: $? = 0
configure:3460: result: no
configure:3465: checking for suffix of object files
configure:3487: g++ -c   conftest.cpp >&5
configure:3491: $? = 0
configure:3512: result: o
configure:3516: checking whether we are using the GNU C++ compiler
configure:3535: g++ -c   conftest.cpp >&5
configure:3535: $? = 0
configure:3544: result: yes
configure:3553: checking whether g++ accepts -g
configure:3573: g++ -c -g  conftest.cpp >&5
configure:3573: $? = 0
configure:3614: result: yes
configure:3648: checking for style of include used by make
configure:3676: result: GNU
configure:3702: checking dependency style of g++
configure:3813: result: gcc3
configure:3832: checking for gawk
configure:3859: result: gawk
configure:3918: checking for gcc
configure:3934: found /usr/bin/gcc
configure:3945: result: gcc
configure:4174: checking for C compiler version
configure:4183: gcc --version >&5
gcc (Ubuntu/Linaro 4.7.2-2ubuntu1) 4.7.2
Copyright (C) 2012 Free Software Foundation, Inc.
This is free software; see the source for copying conditions.  There is NO
warranty; not even for MERCHANTABILITY or FITNESS FOR A PARTICULAR PURPOSE.

configure:4194: $? = 0
configure:4183: gcc -v >&5
Using built-in specs.
COLLECT_GCC=gcc
COLLECT_LTO_WRAPPER=/usr/lib/gcc/i686-linux-gnu/4.7/lto-wrapper
Target: i686-linux-gnu
Configured with: ../src/configure -v --with-pkgversion='Ubuntu/Linaro 4.7.2-2ubuntu1' --with-bugurl=file:///usr/share/doc/gcc-4.7/README.Bugs --enable-languages=c,c++,go,fortran,objc,obj-c++ --prefix=/usr --program-suffix=-4.7 --enable-shared --enable-linker-build-id --with-system-zlib --libexecdir=/usr/lib --without-included-gettext --enable-threads=posix --with-gxx-include-dir=/usr/include/c++/4.7 --libdir=/usr/lib --enable-nls --with-sysroot=/ --enable-clocale=gnu --enable-libstdcxx-debug --enable-libstdcxx-time=yes --enable-gnu-unique-object --enable-plugin --enable-objc-gc --enable-targets=all --disable-werror --with-arch-32=i686 --with-tune=generic --enable-checking=release --build=i686-linux-gnu --host=i686-linux-gnu --target=i686-linux-gnu
Thread model: posix
gcc version 4.7.2 (Ubuntu/Linaro 4.7.2-2ubuntu1) 
configure:4194: $? = 0
configure:4183: gcc -V >&5
gcc: error: unrecognized command line option '-V'
gcc: fatal error: no input files
compilation terminated.
configure:4194: $? = 4
configure:4183: gcc -qversion >&5
gcc: error: unrecognized command line option '-qversion'
gcc: fatal error: no input files
compilation terminated.
configure:4194: $? = 4
configure:4198: checking whether we are using the GNU C compiler
configure:4217: gcc -c   conftest.c >&5
configure:4217: $? = 0
configure:4226: result: yes
configure:4235: checking whether gcc accepts -g
configure:4255: gcc -c -g  conftest.c >&5
configure:4255: $? = 0
configure:4296: result: yes
configure:4313: checking for gcc option to accept ISO C89
configure:4376: gcc  -c -g -O2  conftest.c >&5
configure:4376: $? = 0
configure:4389: result: none needed
configure:4411: checking dependency style of gcc
configure:4522: result: gcc3
configure:4584: checking how to print strings
configure:4611: result: printf
configure:4632: checking for a sed that does not truncate output
configure:4696: result: /bin/sed
configure:4714: checking for grep that handles long lines and -e
configure:4772: result: /bin/grep
configure:4777: checking for egrep
configure:4839: result: /bin/grep -E
configure:4844: checking for fgrep
configure:4906: result: /bin/grep -F
configure:4941: checking for ld used by gcc
configure:5008: result: /usr/bin/ld
configure:5015: checking if the linker (/usr/bin/ld) is GNU ld
configure:5030: result: yes
configure:5042: checking for BSD- or MS-compatible name lister (nm)
configure:5091: result: /usr/bin/nm -B
configure:5221: checking the name lister (/usr/bin/nm -B) interface
configure:5228: gcc -c -g -O2  conftest.c >&5
configure:5231: /usr/bin/nm -B "conftest.o"
configure:5234: output
00000000 B some_variable
configure:5241: result: BSD nm
configure:5244: checking whether ln -s works
configure:5248: result: yes
configure:5256: checking the maximum length of command line arguments
configure:5386: result: 1572864
configure:5403: checking whether the shell understands some XSI constructs
configure:5413: result: yes
configure:5417: checking whether the shell understands "+="
configure:5423: result: yes
configure:5458: checking how to convert i686-pc-linux-gnu file names to i686-pc-linux-gnu format
configure:5498: result: func_convert_file_noop
configure:5505: checking how to convert i686-pc-linux-gnu file names to toolchain format
configure:5525: result: func_convert_file_noop
configure:5532: checking for /usr/bin/ld option to reload object files
configure:5539: result: -r
configure:5613: checking for objdump
configure:5629: found /usr/bin/objdump
configure:5640: result: objdump
configure:5672: checking how to recognize dependent libraries
configure:5874: result: pass_all
configure:5959: checking for dlltool
configure:5989: result: no
configure:6019: checking how to associate runtime and link libraries
configure:6046: result: printf %s\n
configure:6107: checking for ar
configure:6123: found /usr/bin/ar
configure:6134: result: ar
configure:6171: checking for archiver @FILE support
configure:6188: gcc -c -g -O2  conftest.c >&5
configure:6188: $? = 0
configure:6191: ar cru libconftest.a @conftest.lst >&5
configure:6194: $? = 0
configure:6199: ar cru libconftest.a @conftest.lst >&5
ar: conftest.o: No such file or directory
configure:6202: $? = 1
configure:6214: result: @
configure:6272: checking for strip
configure:6288: found /usr/bin/strip
configure:6299: result: strip
configure:6371: checking for ranlib
configure:6387: found /usr/bin/ranlib
configure:6398: result: ranlib
configure:6500: checking command to parse /usr/bin/nm -B output from gcc object
configure:6620: gcc -c -g -O2  conftest.c >&5
configure:6623: $? = 0
configure:6627: /usr/bin/nm -B conftest.o \| sed -n -e 's/^.*[ ]\([ABCDGIRSTW][ABCDGIRSTW]*\)[ ][ ]*\([_A-Za-z][_A-Za-z0-9]*\)$/\1 \2 \2/p' | sed '/ __gnu_lto/d' \> conftest.nm
configure:6630: $? = 0
configure:6696: gcc -o conftest -g -O2   conftest.c conftstm.o >&5
configure:6699: $? = 0
configure:6737: result: ok
configure:6774: checking for sysroot
configure:6804: result: no
configure:7060: checking for mt
configure:7076: found /bin/mt
configure:7087: result: mt
configure:7110: checking if mt is a manifest tool
configure:7116: mt '-?'
configure:7124: result: no
configure:7766: checking how to run the C preprocessor
configure:7797: gcc -E  conftest.c
configure:7797: $? = 0
configure:7811: gcc -E  conftest.c
conftest.c:11:28: fatal error: ac_nonexistent.h: No such file or directory
compilation terminated.
configure:7811: $? = 1
configure: failed program was:
| /* confdefs.h */
| #define PACKAGE_NAME "fuse-ufs"
| #define PACKAGE_TARNAME "fuse-ufs"
| #define PACKAGE_VERSION "0.0.1"
| #define PACKAGE_STRING "fuse-ufs 0.0.1"
| #define PACKAGE_BUGREPORT "mkatiyar@gmail.com"
| #define PACKAGE_URL ""
| #define PACKAGE "fuse-ufs"
| #define VERSION "0.0.1"
| /* end confdefs.h.  */
| #include <ac_nonexistent.h>
configure:7836: result: gcc -E
configure:7856: gcc -E  conftest.c
configure:7856: $? = 0
configure:7870: gcc -E  conftest.c
conftest.c:11:28: fatal error: ac_nonexistent.h: No such file or directory
compilation terminated.
configure:7870: $? = 1
configure: failed program was:
| /* confdefs.h */
| #define PACKAGE_NAME "fuse-ufs"
| #define PACKAGE_TARNAME "fuse-ufs"
| #define PACKAGE_VERSION "0.0.1"
| #define PACKAGE_STRING "fuse-ufs 0.0.1"
| #define PACKAGE_BUGREPORT "mkatiyar@gmail.com"
| #define PACKAGE_URL ""
| #define PACKAGE "fuse-ufs"
| #define VERSION "0.0.1"
| /* end confdefs.h.  */
| #include <ac_nonexistent.h>
configure:7899: checking for ANSI C header files
configure:7919: gcc -c -g -O2  conftest.c >&5
configure:7919: $? = 0
configure:7992: gcc -o conftest -g -O2   conftest.c  >&5
configure:7992: $? = 0
configure:7992: ./conftest
configure:7992: $? = 0
configure:8003: result: yes
configure:8016: checking for sys/types.h
configure:8016: gcc -c -g -O2  conftest.c >&5
configure:8016: $? = 0
configure:8016: result: yes
configure:8016: checking for sys/stat.h
configure:8016: gcc -c -g -O2  conftest.c >&5
configure:8016: $? = 0
configure:8016: result: yes
configure:8016: checking for stdlib.h
configure:8016: gcc -c -g -O2  conftest.c >&5
configure:8016: $? = 0
configure:8016: result: yes
configure:8016: checking for string.h
configure:8016: gcc -c -g -O2  conftest.c >&5
configure:8016: $? = 0
configure:8016: result: yes
configure:8016: checking for memory.h
configure:8016: gcc -c -g -O2  conftest.c >&5
configure:8016: $? = 0
configure:8016: result: yes
configure:8016: checking for strings.h
configure:8016: gcc -c -g -O2  conftest.c >&5
configure:8016: $? = 0
configure:8016: result: yes
configure:8016: checking for inttypes.h
configure:8016: gcc -c -g -O2  conftest.c >&5
configure:8016: $? = 0
configure:8016: result: yes
configure:8016: checking for stdint.h
configure:8016: gcc -c -g -O2  conftest.c >&5
configure:8016: $? = 0
configure:8016: result: yes
configure:8016: checking for unistd.h
configure:8016: gcc -c -g -O2  conftest.c >&5
configure:8016: $? = 0
configure:8016: result: yes
configure:8030: checking for dlfcn.h
configure:8030: gcc -c -g -O2  conftest.c >&5
configure:8030: $? = 0
configure:8030: result: yes
configure:8247: checking for objdir
configure:8262: result: .libs
configure:8529: checking if gcc supports -fno-rtti -fno-exceptions
configure:8547: gcc -c -g -O2  -fno-rtti -fno-exceptions conftest.c >&5
cc1: warning: command line option '-fno-rtti' is valid for C++/ObjC++ but not for C [enabled by default]
configure:8551: $? = 0
configure:8564: result: no
configure:8891: checking for gcc option to produce PIC
configure:8898: result: -fPIC -DPIC
configure:8906: checking if gcc PIC flag -fPIC -DPIC works
configure:8924: gcc -c -g -O2  -fPIC -DPIC -DPIC conftest.c >&5
configure:8928: $? = 0
configure:8941: result: yes
configure:8970: checking if gcc static flag -static works
configure:8998: result: yes
configure:9013: checking if gcc supports -c -o file.o
configure:9034: gcc -c -g -O2  -o out/conftest2.o conftest.c >&5
configure:9038: $? = 0
configure:9060: result: yes
configure:9068: checking if gcc supports -c -o file.o
configure:9115: result: yes
configure:9148: checking whether the gcc linker (/usr/bin/ld) supports shared libraries
configure:10305: result: yes
configure:10342: checking whether -lc should be explicitly linked in
configure:10350: gcc -c -g -O2  conftest.c >&5
configure:10353: $? = 0
configure:10368: gcc -shared  -fPIC -DPIC conftest.o  -v -Wl,-soname -Wl,conftest -o conftest 2\>\&1 \| /bin/grep  -lc  \>/dev/null 2\>\&1
configure:10371: $? = 0
configure:10385: result: no
configure:10545: checking dynamic linker characteristics
configure:11056: gcc -o conftest -g -O2   -Wl,-rpath -Wl,/foo conftest.c  >&5
configure:11056: $? = 0
configure:11290: result: GNU/Linux ld.so
configure:11397: checking how to hardcode library paths into programs
configure:11422: result: immediate
configure:11962: checking whether stripping libraries is possible
configure:11967: result: yes
configure:12002: checking if libtool supports shared libraries
configure:12004: result: yes
configure:12007: checking whether to build shared libraries
configure:12028: result: yes
configure:12031: checking whether to build static libraries
configure:12035: result: yes
configure:12058: checking how to run the C++ preprocessor
configure:12085: g++ -E  conftest.cpp
configure:12085: $? = 0
configure:12099: g++ -E  conftest.cpp
conftest.cpp:23:28: fatal error: ac_nonexistent.h: No such file or directory
compilation terminated.
configure:12099: $? = 1
configure: failed program was:
| /* confdefs.h */
| #define PACKAGE_NAME "fuse-ufs"
| #define PACKAGE_TARNAME "fuse-ufs"
| #define PACKAGE_VERSION "0.0.1"
| #define PACKAGE_STRING "fuse-ufs 0.0.1"
| #define PACKAGE_BUGREPORT "mkatiyar@gmail.com"
| #define PACKAGE_URL ""
| #define PACKAGE "fuse-ufs"
| #define VERSION "0.0.1"
| #define STDC_HEADERS 1
| #define HAVE_SYS_TYPES_H 1
| #define HAVE_SYS_STAT_H 1
| #define HAVE_STDLIB_H 1
| #define HAVE_STRING_H 1
| #define HAVE_MEMORY_H 1
| #define HAVE_STRINGS_H 1
| #define HAVE_INTTYPES_H 1
| #define HAVE_STDINT_H 1
| #define HAVE_UNISTD_H 1
| #define HAVE_DLFCN_H 1
| #define LT_OBJDIR ".libs/"
| /* end confdefs.h.  */
| #include <ac_nonexistent.h>
configure:12124: result: g++ -E
configure:12144: g++ -E  conftest.cpp
configure:12144: $? = 0
configure:12158: g++ -E  conftest.cpp
conftest.cpp:23:28: fatal error: ac_nonexistent.h: No such file or directory
compilation terminated.
configure:12158: $? = 1
configure: failed program was:
| /* confdefs.h */
| #define PACKAGE_NAME "fuse-ufs"
| #define PACKAGE_TARNAME "fuse-ufs"
| #define PACKAGE_VERSION "0.0.1"
| #define PACKAGE_STRING "fuse-ufs 0.0.1"
| #define PACKAGE_BUGREPORT "mkatiyar@gmail.com"
| #define PACKAGE_URL ""
| #define PACKAGE "fuse-ufs"
| #define VERSION "0.0.1"
| #define STDC_HEADERS 1
| #define HAVE_SYS_TYPES_H 1
| #define HAVE_SYS_STAT_H 1
| #define HAVE_STDLIB_H 1
| #define HAVE_STRING_H 1
| #define HAVE_MEMORY_H 1
| #define HAVE_STRINGS_H 1
| #define HAVE_INTTYPES_H 1
| #define HAVE_STDINT_H 1
| #define HAVE_UNISTD_H 1
| #define HAVE_DLFCN_H 1
| #define LT_OBJDIR ".libs/"
| /* end confdefs.h.  */
| #include <ac_nonexistent.h>
configure:12327: checking for ld used by g++
configure:12394: result: /usr/bin/ld
configure:12401: checking if the linker (/usr/bin/ld) is GNU ld
configure:12416: result: yes
configure:12471: checking whether the g++ linker (/usr/bin/ld) supports shared libraries
configure:13476: result: yes
configure:13512: g++ -c -g -O2  conftest.cpp >&5
configure:13515: $? = 0
configure:14035: checking for g++ option to produce PIC
configure:14042: result: -fPIC -DPIC
configure:14050: checking if g++ PIC flag -fPIC -DPIC works
configure:14068: g++ -c -g -O2  -fPIC -DPIC -DPIC conftest.cpp >&5
configure:14072: $? = 0
configure:14085: result: yes
configure:14108: checking if g++ static flag -static works
configure:14136: result: yes
configure:14148: checking if g++ supports -c -o file.o
configure:14169: g++ -c -g -O2  -o out/conftest2.o conftest.cpp >&5
configure:14173: $? = 0
configure:14195: result: yes
configure:14200: checking if g++ supports -c -o file.o
configure:14247: result: yes
configure:14277: checking whether the g++ linker (/usr/bin/ld) supports shared libraries
configure:14316: result: yes
configure:14457: checking dynamic linker characteristics
configure:15136: result: GNU/Linux ld.so
configure:15189: checking how to hardcode library paths into programs
configure:15214: result: immediate
configure:15277: checking for chmod
configure:15295: found /bin/chmod
configure:15308: result: /bin/chmod
configure:15324: checking for size_t
configure:15324: gcc -c -g -O2  conftest.c >&5
configure:15324: $? = 0
configure:15324: gcc -c -g -O2  conftest.c >&5
conftest.c: In function 'main':
conftest.c:59:21: error: expected expression before ')' token
configure:15324: $? = 1
configure: failed program was:
| /* confdefs.h */
| #define PACKAGE_NAME "fuse-ufs"
| #define PACKAGE_TARNAME "fuse-ufs"
| #define PACKAGE_VERSION "0.0.1"
| #define PACKAGE_STRING "fuse-ufs 0.0.1"
| #define PACKAGE_BUGREPORT "mkatiyar@gmail.com"
| #define PACKAGE_URL ""
| #define PACKAGE "fuse-ufs"
| #define VERSION "0.0.1"
| #define STDC_HEADERS 1
| #define HAVE_SYS_TYPES_H 1
| #define HAVE_SYS_STAT_H 1
| #define HAVE_STDLIB_H 1
| #define HAVE_STRING_H 1
| #define HAVE_MEMORY_H 1
| #define HAVE_STRINGS_H 1
| #define HAVE_INTTYPES_H 1
| #define HAVE_STDINT_H 1
| #define HAVE_UNISTD_H 1
| #define HAVE_DLFCN_H 1
| #define LT_OBJDIR ".libs/"
| /* end confdefs.h.  */
| #include <stdio.h>
| #ifdef HAVE_SYS_TYPES_H
| # include <sys/types.h>
| #endif
| #ifdef HAVE_SYS_STAT_H
| # include <sys/stat.h>
| #endif
| #ifdef STDC_HEADERS
| # include <stdlib.h>
| # include <stddef.h>
| #else
| # ifdef HAVE_STDLIB_H
| #  include <stdlib.h>
| # endif
| #endif
| #ifdef HAVE_STRING_H
| # if !defined STDC_HEADERS && defined HAVE_MEMORY_H
| #  include <memory.h>
| # endif
| # include <string.h>
| #endif
| #ifdef HAVE_STRINGS_H
| # include <strings.h>
| #endif
| #ifdef HAVE_INTTYPES_H
| # include <inttypes.h>
| #endif
| #ifdef HAVE_STDINT_H
| # include <stdint.h>
| #endif
| #ifdef HAVE_UNISTD_H
| # include <unistd.h>
| #endif
| int
| main ()
| {
| if (sizeof ((size_t)))
| 	    return 0;
|   ;
|   return 0;
| }
configure:15324: result: yes
configure:15335: checking for off_t
configure:15335: gcc -c -g -O2  conftest.c >&5
configure:15335: $? = 0
configure:15335: gcc -c -g -O2  conftest.c >&5
conftest.c: In function 'main':
conftest.c:59:20: error: expected expression before ')' token
configure:15335: $? = 1
configure: failed program was:
| /* confdefs.h */
| #define PACKAGE_NAME "fuse-ufs"
| #define PACKAGE_TARNAME "fuse-ufs"
| #define PACKAGE_VERSION "0.0.1"
| #define PACKAGE_STRING "fuse-ufs 0.0.1"
| #define PACKAGE_BUGREPORT "mkatiyar@gmail.com"
| #define PACKAGE_URL ""
| #define PACKAGE "fuse-ufs"
| #define VERSION "0.0.1"
| #define STDC_HEADERS 1
| #define HAVE_SYS_TYPES_H 1
| #define HAVE_SYS_STAT_H 1
| #define HAVE_STDLIB_H 1
| #define HAVE_STRING_H 1
| #define HAVE_MEMORY_H 1
| #define HAVE_STRINGS_H 1
| #define HAVE_INTTYPES_H 1
| #define HAVE_STDINT_H 1
| #define HAVE_UNISTD_H 1
| #define HAVE_DLFCN_H 1
| #define LT_OBJDIR ".libs/"
| /* end confdefs.h.  */
| #include <stdio.h>
| #ifdef HAVE_SYS_TYPES_H
| # include <sys/types.h>
| #endif
| #ifdef HAVE_SYS_STAT_H
| # include <sys/stat.h>
| #endif
| #ifdef STDC_HEADERS
| # include <stdlib.h>
| # include <stddef.h>
| #else
| # ifdef HAVE_STDLIB_H
| #  include <stdlib.h>
| # endif
| #endif
| #ifdef HAVE_STRING_H
| # if !defined STDC_HEADERS && defined HAVE_MEMORY_H
| #  include <memory.h>
| # endif
| # include <string.h>
| #endif
| #ifdef HAVE_STRINGS_H
| # include <strings.h>
| #endif
| #ifdef HAVE_INTTYPES_H
| # include <inttypes.h>
| #endif
| #ifdef HAVE_STDINT_H
| # include <stdint.h>
| #endif
| #ifdef HAVE_UNISTD_H
| # include <unistd.h>
| #endif
| int
| main ()
| {
| if (sizeof ((off_t)))
| 	    return 0;
|   ;
|   return 0;
| }
configure:15335: result: yes
configure:15357: checking for dirent.h that defines DIR
configure:15376: gcc -c -g -O2  conftest.c >&5
configure:15376: $? = 0
configure:15384: result: yes
configure:15397: checking for library containing opendir
configure:15428: gcc -o conftest -g -O2   conftest.c  >&5
configure:15428: $? = 0
configure:15445: result: none required
configure:15512: checking for ANSI C header files
configure:15616: result: yes
configure:15624: checking whether sys/types.h defines makedev
configure:15640: gcc -o conftest -g -O2   conftest.c  >&5
configure:15640: $? = 0
configure:15649: result: yes
configure:15714: checking fcntl.h usability
configure:15714: gcc -c -g -O2  conftest.c >&5
configure:15714: $? = 0
configure:15714: result: yes
configure:15714: checking fcntl.h presence
configure:15714: gcc -E  conftest.c
configure:15714: $? = 0
configure:15714: result: yes
configure:15714: checking for fcntl.h
configure:15714: result: yes
configure:15714: checking malloc.h usability
configure:15714: gcc -c -g -O2  conftest.c >&5
configure:15714: $? = 0
configure:15714: result: yes
configure:15714: checking malloc.h presence
configure:15714: gcc -E  conftest.c
configure:15714: $? = 0
configure:15714: result: yes
configure:15714: checking for malloc.h
configure:15714: result: yes
configure:15714: checking mntent.h usability
configure:15714: gcc -c -g -O2  conftest.c >&5
configure:15714: $? = 0
configure:15714: result: yes
configure:15714: checking mntent.h presence
configure:15714: gcc -E  conftest.c
configure:15714: $? = 0
configure:15714: result: yes
configure:15714: checking for mntent.h
configure:15714: result: yes
configure:15714: checking netinet/in.h usability
configure:15714: gcc -c -g -O2  conftest.c >&5
configure:15714: $? = 0
configure:15714: result: yes
configure:15714: checking netinet/in.h presence
configure:15714: gcc -E  conftest.c
configure:15714: $? = 0
configure:15714: result: yes
configure:15714: checking for netinet/in.h
configure:15714: result: yes
configure:15714: checking paths.h usability
configure:15714: gcc -c -g -O2  conftest.c >&5
configure:15714: $? = 0
configure:15714: result: yes
configure:15714: checking paths.h presence
configure:15714: gcc -E  conftest.c
configure:15714: $? = 0
configure:15714: result: yes
configure:15714: checking for paths.h
configure:15714: result: yes
configure:15714: checking stddef.h usability
configure:15714: gcc -c -g -O2  conftest.c >&5
configure:15714: $? = 0
configure:15714: result: yes
configure:15714: checking stddef.h presence
configure:15714: gcc -E  conftest.c
configure:15714: $? = 0
configure:15714: result: yes
configure:15714: checking for stddef.h
configure:15714: result: yes
configure:15714: checking for stdlib.h
configure:15714: result: yes
configure:15714: checking for string.h
configure:15714: result: yes
configure:15714: checking linux/fd.h usability
configure:15714: gcc -c -g -O2  conftest.c >&5
configure:15714: $? = 0
configure:15714: result: yes
configure:15714: checking linux/fd.h presence
configure:15714: gcc -E  conftest.c
configure:15714: $? = 0
configure:15714: result: yes
configure:15714: checking for linux/fd.h
configure:15714: result: yes
configure:15714: checking sys/file.h usability
configure:15714: gcc -c -g -O2  conftest.c >&5
configure:15714: $? = 0
configure:15714: result: yes
configure:15714: checking sys/file.h presence
configure:15714: gcc -E  conftest.c
configure:15714: $? = 0
configure:15714: result: yes
configure:15714: checking for sys/file.h
configure:15714: result: yes
configure:15714: checking sys/ioctl.h usability
configure:15714: gcc -c -g -O2  conftest.c >&5
configure:15714: $? = 0
configure:15714: result: yes
configure:15714: checking sys/ioctl.h presence
configure:15714: gcc -E  conftest.c
configure:15714: $? = 0
configure:15714: result: yes
configure:15714: checking for sys/ioctl.h
configure:15714: result: yes
configure:15714: checking sys/mount.h usability
configure:15714: gcc -c -g -O2  conftest.c >&5
configure:15714: $? = 0
configure:15714: result: yes
configure:15714: checking sys/mount.h presence
configure:15714: gcc -E  conftest.c
configure:15714: $? = 0
configure:15714: result: yes
configure:15714: checking for sys/mount.h
configure:15714: result: yes
configure:15714: checking sys/param.h usability
configure:15714: gcc -c -g -O2  conftest.c >&5
configure:15714: $? = 0
configure:15714: result: yes
configure:15714: checking sys/param.h presence
configure:15714: gcc -E  conftest.c
configure:15714: $? = 0
configure:15714: result: yes
configure:15714: checking for sys/param.h
configure:15714: result: yes
configure:15714: checking sys/statvfs.h usability
configure:15714: gcc -c -g -O2  conftest.c >&5
configure:15714: $? = 0
configure:15714: result: yes
configure:15714: checking sys/statvfs.h presence
configure:15714: gcc -E  conftest.c
configure:15714: $? = 0
configure:15714: result: yes
configure:15714: checking for sys/statvfs.h
configure:15714: result: yes
configure:15714: checking sys/time.h usability
configure:15714: gcc -c -g -O2  conftest.c >&5
configure:15714: $? = 0
configure:15714: result: yes
configure:15714: checking sys/time.h presence
configure:15714: gcc -E  conftest.c
configure:15714: $? = 0
configure:15714: result: yes
configure:15714: checking for sys/time.h
configure:15714: result: yes
configure:15714: checking for sys/types.h
configure:15714: result: yes
configure:15714: checking for sys/stat.h
configure:15714: result: yes
configure:15714: checking sys/mkdev.h usability
configure:15714: gcc -c -g -O2  conftest.c >&5
conftest.c:77:23: fatal error: sys/mkdev.h: No such file or directory
compilation terminated.
configure:15714: $? = 1
configure: failed program was:
| /* confdefs.h */
| #define PACKAGE_NAME "fuse-ufs"
| #define PACKAGE_TARNAME "fuse-ufs"
| #define PACKAGE_VERSION "0.0.1"
| #define PACKAGE_STRING "fuse-ufs 0.0.1"
| #define PACKAGE_BUGREPORT "mkatiyar@gmail.com"
| #define PACKAGE_URL ""
| #define PACKAGE "fuse-ufs"
| #define VERSION "0.0.1"
| #define STDC_HEADERS 1
| #define HAVE_SYS_TYPES_H 1
| #define HAVE_SYS_STAT_H 1
| #define HAVE_STDLIB_H 1
| #define HAVE_STRING_H 1
| #define HAVE_MEMORY_H 1
| #define HAVE_STRINGS_H 1
| #define HAVE_INTTYPES_H 1
| #define HAVE_STDINT_H 1
| #define HAVE_UNISTD_H 1
| #define HAVE_DLFCN_H 1
| #define LT_OBJDIR ".libs/"
| #define _LARGE_FILE_SOURCE /**/
| #define _FILE_OFFSET_BITS 64
| #define HAVE_DIRENT_H 1
| #define STDC_HEADERS 1
| #define HAVE_FCNTL_H 1
| #define HAVE_MALLOC_H 1
| #define HAVE_MNTENT_H 1
| #define HAVE_NETINET_IN_H 1
| #define HAVE_PATHS_H 1
| #define HAVE_STDDEF_H 1
| #define HAVE_STDLIB_H 1
| #define HAVE_STRING_H 1
| #define HAVE_LINUX_FD_H 1
| #define HAVE_SYS_FILE_H 1
| #define HAVE_SYS_IOCTL_H 1
| #define HAVE_SYS_MOUNT_H 1
| #define HAVE_SYS_PARAM_H 1
| #define HAVE_SYS_STATVFS_H 1
| #define HAVE_SYS_TIME_H 1
| #define HAVE_SYS_TYPES_H 1
| #define HAVE_SYS_STAT_H 1
| /* end confdefs.h.  */
| #include <stdio.h>
| #ifdef HAVE_SYS_TYPES_H
| # include <sys/types.h>
| #endif
| #ifdef HAVE_SYS_STAT_H
| # include <sys/stat.h>
| #endif
| #ifdef STDC_HEADERS
| # include <stdlib.h>
| # include <stddef.h>
| #else
| # ifdef HAVE_STDLIB_H
| #  include <stdlib.h>
| # endif
| #endif
| #ifdef HAVE_STRING_H
| # if !defined STDC_HEADERS && defined HAVE_MEMORY_H
| #  include <memory.h>
| # endif
| # include <string.h>
| #endif
| #ifdef HAVE_STRINGS_H
| # include <strings.h>
| #endif
| #ifdef HAVE_INTTYPES_H
| # include <inttypes.h>
| #endif
| #ifdef HAVE_STDINT_H
| # include <stdint.h>
| #endif
| #ifdef HAVE_UNISTD_H
| # include <unistd.h>
| #endif
| #include <sys/mkdev.h>
configure:15714: result: no
configure:15714: checking sys/mkdev.h presence
configure:15714: gcc -E  conftest.c
conftest.c:44:23: fatal error: sys/mkdev.h: No such file or directory
compilation terminated.
configure:15714: $? = 1
configure: failed program was:
| /* confdefs.h */
| #define PACKAGE_NAME "fuse-ufs"
| #define PACKAGE_TARNAME "fuse-ufs"
| #define PACKAGE_VERSION "0.0.1"
| #define PACKAGE_STRING "fuse-ufs 0.0.1"
| #define PACKAGE_BUGREPORT "mkatiyar@gmail.com"
| #define PACKAGE_URL ""
| #define PACKAGE "fuse-ufs"
| #define VERSION "0.0.1"
| #define STDC_HEADERS 1
| #define HAVE_SYS_TYPES_H 1
| #define HAVE_SYS_STAT_H 1
| #define HAVE_STDLIB_H 1
| #define HAVE_STRING_H 1
| #define HAVE_MEMORY_H 1
| #define HAVE_STRINGS_H 1
| #define HAVE_INTTYPES_H 1
| #define HAVE_STDINT_H 1
| #define HAVE_UNISTD_H 1
| #define HAVE_DLFCN_H 1
| #define LT_OBJDIR ".libs/"
| #define _LARGE_FILE_SOURCE /**/
| #define _FILE_OFFSET_BITS 64
| #define HAVE_DIRENT_H 1
| #define STDC_HEADERS 1
| #define HAVE_FCNTL_H 1
| #define HAVE_MALLOC_H 1
| #define HAVE_MNTENT_H 1
| #define HAVE_NETINET_IN_H 1
| #define HAVE_PATHS_H 1
| #define HAVE_STDDEF_H 1
| #define HAVE_STDLIB_H 1
| #define HAVE_STRING_H 1
| #define HAVE_LINUX_FD_H 1
| #define HAVE_SYS_FILE_H 1
| #define HAVE_SYS_IOCTL_H 1
| #define HAVE_SYS_MOUNT_H 1
| #define HAVE_SYS_PARAM_H 1
| #define HAVE_SYS_STATVFS_H 1
| #define HAVE_SYS_TIME_H 1
| #define HAVE_SYS_TYPES_H 1
| #define HAVE_SYS_STAT_H 1
| /* end confdefs.h.  */
| #include <sys/mkdev.h>
configure:15714: result: no
configure:15714: checking for sys/mkdev.h
configure:15714: result: no
configure:15714: checking for sys/ioctl.h
configure:15714: result: yes
configure:15714: checking sys/syscall.h usability
configure:15714: gcc -c -g -O2  conftest.c >&5
configure:15714: $? = 0
configure:15714: result: yes
configure:15714: checking sys/syscall.h presence
configure:15714: gcc -E  conftest.c
configure:15714: $? = 0
configure:15714: result: yes
configure:15714: checking for sys/syscall.h
configure:15714: result: yes
configure:15714: checking sys/resource.h usability
configure:15714: gcc -c -g -O2  conftest.c >&5
configure:15714: $? = 0
configure:15714: result: yes
configure:15714: checking sys/resource.h presence
configure:15714: gcc -E  conftest.c
configure:15714: $? = 0
configure:15714: result: yes
configure:15714: checking for sys/resource.h
configure:15714: result: yes
configure:15714: checking sys/mman.h usability
configure:15714: gcc -c -g -O2  conftest.c >&5
configure:15714: $? = 0
configure:15714: result: yes
configure:15714: checking sys/mman.h presence
configure:15714: gcc -E  conftest.c
configure:15714: $? = 0
configure:15714: result: yes
configure:15714: checking for sys/mman.h
configure:15714: result: yes
configure:15714: checking sys/prctl.h usability
configure:15714: gcc -c -g -O2  conftest.c >&5
configure:15714: $? = 0
configure:15714: result: yes
configure:15714: checking sys/prctl.h presence
configure:15714: gcc -E  conftest.c
configure:15714: $? = 0
configure:15714: result: yes
configure:15714: checking for sys/prctl.h
configure:15714: result: yes
configure:15714: checking sys/disklabel.h usability
configure:15714: gcc -c -g -O2  conftest.c >&5
conftest.c:82:27: fatal error: sys/disklabel.h: No such file or directory
compilation terminated.
configure:15714: $? = 1
configure: failed program was:
| /* confdefs.h */
| #define PACKAGE_NAME "fuse-ufs"
| #define PACKAGE_TARNAME "fuse-ufs"
| #define PACKAGE_VERSION "0.0.1"
| #define PACKAGE_STRING "fuse-ufs 0.0.1"
| #define PACKAGE_BUGREPORT "mkatiyar@gmail.com"
| #define PACKAGE_URL ""
| #define PACKAGE "fuse-ufs"
| #define VERSION "0.0.1"
| #define STDC_HEADERS 1
| #define HAVE_SYS_TYPES_H 1
| #define HAVE_SYS_STAT_H 1
| #define HAVE_STDLIB_H 1
| #define HAVE_STRING_H 1
| #define HAVE_MEMORY_H 1
| #define HAVE_STRINGS_H 1
| #define HAVE_INTTYPES_H 1
| #define HAVE_STDINT_H 1
| #define HAVE_UNISTD_H 1
| #define HAVE_DLFCN_H 1
| #define LT_OBJDIR ".libs/"
| #define _LARGE_FILE_SOURCE /**/
| #define _FILE_OFFSET_BITS 64
| #define HAVE_DIRENT_H 1
| #define STDC_HEADERS 1
| #define HAVE_FCNTL_H 1
| #define HAVE_MALLOC_H 1
| #define HAVE_MNTENT_H 1
| #define HAVE_NETINET_IN_H 1
| #define HAVE_PATHS_H 1
| #define HAVE_STDDEF_H 1
| #define HAVE_STDLIB_H 1
| #define HAVE_STRING_H 1
| #define HAVE_LINUX_FD_H 1
| #define HAVE_SYS_FILE_H 1
| #define HAVE_SYS_IOCTL_H 1
| #define HAVE_SYS_MOUNT_H 1
| #define HAVE_SYS_PARAM_H 1
| #define HAVE_SYS_STATVFS_H 1
| #define HAVE_SYS_TIME_H 1
| #define HAVE_SYS_TYPES_H 1
| #define HAVE_SYS_STAT_H 1
| #define HAVE_SYS_IOCTL_H 1
| #define HAVE_SYS_SYSCALL_H 1
| #define HAVE_SYS_RESOURCE_H 1
| #define HAVE_SYS_MMAN_H 1
| #define HAVE_SYS_PRCTL_H 1
| /* end confdefs.h.  */
| #include <stdio.h>
| #ifdef HAVE_SYS_TYPES_H
| # include <sys/types.h>
| #endif
| #ifdef HAVE_SYS_STAT_H
| # include <sys/stat.h>
| #endif
| #ifdef STDC_HEADERS
| # include <stdlib.h>
| # include <stddef.h>
| #else
| # ifdef HAVE_STDLIB_H
| #  include <stdlib.h>
| # endif
| #endif
| #ifdef HAVE_STRING_H
| # if !defined STDC_HEADERS && defined HAVE_MEMORY_H
| #  include <memory.h>
| # endif
| # include <string.h>
| #endif
| #ifdef HAVE_STRINGS_H
| # include <strings.h>
| #endif
| #ifdef HAVE_INTTYPES_H
| # include <inttypes.h>
| #endif
| #ifdef HAVE_STDINT_H
| # include <stdint.h>
| #endif
| #ifdef HAVE_UNISTD_H
| # include <unistd.h>
| #endif
| #include <sys/disklabel.h>
configure:15714: result: no
configure:15714: checking sys/disklabel.h presence
configure:15714: gcc -E  conftest.c
conftest.c:49:27: fatal error: sys/disklabel.h: No such file or directory
compilation terminated.
configure:15714: $? = 1
configure: failed program was:
| /* confdefs.h */
| #define PACKAGE_NAME "fuse-ufs"
| #define PACKAGE_TARNAME "fuse-ufs"
| #define PACKAGE_VERSION "0.0.1"
| #define PACKAGE_STRING "fuse-ufs 0.0.1"
| #define PACKAGE_BUGREPORT "mkatiyar@gmail.com"
| #define PACKAGE_URL ""
| #define PACKAGE "fuse-ufs"
| #define VERSION "0.0.1"
| #define STDC_HEADERS 1
| #define HAVE_SYS_TYPES_H 1
| #define HAVE_SYS_STAT_H 1
| #define HAVE_STDLIB_H 1
| #define HAVE_STRING_H 1
| #define HAVE_MEMORY_H 1
| #define HAVE_STRINGS_H 1
| #define HAVE_INTTYPES_H 1
| #define HAVE_STDINT_H 1
| #define HAVE_UNISTD_H 1
| #define HAVE_DLFCN_H 1
| #define LT_OBJDIR ".libs/"
| #define _LARGE_FILE_SOURCE /**/
| #define _FILE_OFFSET_BITS 64
| #define HAVE_DIRENT_H 1
| #define STDC_HEADERS 1
| #define HAVE_FCNTL_H 1
| #define HAVE_MALLOC_H 1
| #define HAVE_MNTENT_H 1
| #define HAVE_NETINET_IN_H 1
| #define HAVE_PATHS_H 1
| #define HAVE_STDDEF_H 1
| #define HAVE_STDLIB_H 1
| #define HAVE_STRING_H 1
| #define HAVE_LINUX_FD_H 1
| #define HAVE_SYS_FILE_H 1
| #define HAVE_SYS_IOCTL_H 1
| #define HAVE_SYS_MOUNT_H 1
| #define HAVE_SYS_PARAM_H 1
| #define HAVE_SYS_STATVFS_H 1
| #define HAVE_SYS_TIME_H 1
| #define HAVE_SYS_TYPES_H 1
| #define HAVE_SYS_STAT_H 1
| #define HAVE_SYS_IOCTL_H 1
| #define HAVE_SYS_SYSCALL_H 1
| #define HAVE_SYS_RESOURCE_H 1
| #define HAVE_SYS_MMAN_H 1
| #define HAVE_SYS_PRCTL_H 1
| /* end confdefs.h.  */
| #include <sys/disklabel.h>
configure:15714: result: no
configure:15714: checking for sys/disklabel.h
configure:15714: result: no
configure:15714: checking sys/queue.h usability
configure:15714: gcc -c -g -O2  conftest.c >&5
configure:15714: $? = 0
configure:15714: result: yes
configure:15714: checking sys/queue.h presence
configure:15714: gcc -E  conftest.c
configure:15714: $? = 0
configure:15714: result: yes
configure:15714: checking for sys/queue.h
configure:15714: result: yes
configure:15714: checking sys/socket.h usability
configure:15714: gcc -c -g -O2  conftest.c >&5
configure:15714: $? = 0
configure:15714: result: yes
configure:15714: checking sys/socket.h presence
configure:15714: gcc -E  conftest.c
configure:15714: $? = 0
configure:15714: result: yes
configure:15714: checking for sys/socket.h
configure:15714: result: yes
configure:15714: checking sys/un.h usability
configure:15714: gcc -c -g -O2  conftest.c >&5
configure:15714: $? = 0
configure:15714: result: yes
configure:15714: checking sys/un.h presence
configure:15714: gcc -E  conftest.c
configure:15714: $? = 0
configure:15714: result: yes
configure:15714: checking for sys/un.h
configure:15714: result: yes
configure:15714: checking sys/sockio.h usability
configure:15714: gcc -c -g -O2  conftest.c >&5
conftest.c:85:24: fatal error: sys/sockio.h: No such file or directory
compilation terminated.
configure:15714: $? = 1
configure: failed program was:
| /* confdefs.h */
| #define PACKAGE_NAME "fuse-ufs"
| #define PACKAGE_TARNAME "fuse-ufs"
| #define PACKAGE_VERSION "0.0.1"
| #define PACKAGE_STRING "fuse-ufs 0.0.1"
| #define PACKAGE_BUGREPORT "mkatiyar@gmail.com"
| #define PACKAGE_URL ""
| #define PACKAGE "fuse-ufs"
| #define VERSION "0.0.1"
| #define STDC_HEADERS 1
| #define HAVE_SYS_TYPES_H 1
| #define HAVE_SYS_STAT_H 1
| #define HAVE_STDLIB_H 1
| #define HAVE_STRING_H 1
| #define HAVE_MEMORY_H 1
| #define HAVE_STRINGS_H 1
| #define HAVE_INTTYPES_H 1
| #define HAVE_STDINT_H 1
| #define HAVE_UNISTD_H 1
| #define HAVE_DLFCN_H 1
| #define LT_OBJDIR ".libs/"
| #define _LARGE_FILE_SOURCE /**/
| #define _FILE_OFFSET_BITS 64
| #define HAVE_DIRENT_H 1
| #define STDC_HEADERS 1
| #define HAVE_FCNTL_H 1
| #define HAVE_MALLOC_H 1
| #define HAVE_MNTENT_H 1
| #define HAVE_NETINET_IN_H 1
| #define HAVE_PATHS_H 1
| #define HAVE_STDDEF_H 1
| #define HAVE_STDLIB_H 1
| #define HAVE_STRING_H 1
| #define HAVE_LINUX_FD_H 1
| #define HAVE_SYS_FILE_H 1
| #define HAVE_SYS_IOCTL_H 1
| #define HAVE_SYS_MOUNT_H 1
| #define HAVE_SYS_PARAM_H 1
| #define HAVE_SYS_STATVFS_H 1
| #define HAVE_SYS_TIME_H 1
| #define HAVE_SYS_TYPES_H 1
| #define HAVE_SYS_STAT_H 1
| #define HAVE_SYS_IOCTL_H 1
| #define HAVE_SYS_SYSCALL_H 1
| #define HAVE_SYS_RESOURCE_H 1
| #define HAVE_SYS_MMAN_H 1
| #define HAVE_SYS_PRCTL_H 1
| #define HAVE_SYS_QUEUE_H 1
| #define HAVE_SYS_SOCKET_H 1
| #define HAVE_SYS_UN_H 1
| /* end confdefs.h.  */
| #include <stdio.h>
| #ifdef HAVE_SYS_TYPES_H
| # include <sys/types.h>
| #endif
| #ifdef HAVE_SYS_STAT_H
| # include <sys/stat.h>
| #endif
| #ifdef STDC_HEADERS
| # include <stdlib.h>
| # include <stddef.h>
| #else
| # ifdef HAVE_STDLIB_H
| #  include <stdlib.h>
| # endif
| #endif
| #ifdef HAVE_STRING_H
| # if !defined STDC_HEADERS && defined HAVE_MEMORY_H
| #  include <memory.h>
| # endif
| # include <string.h>
| #endif
| #ifdef HAVE_STRINGS_H
| # include <strings.h>
| #endif
| #ifdef HAVE_INTTYPES_H
| # include <inttypes.h>
| #endif
| #ifdef HAVE_STDINT_H
| # include <stdint.h>
| #endif
| #ifdef HAVE_UNISTD_H
| # include <unistd.h>
| #endif
| #include <sys/sockio.h>
configure:15714: result: no
configure:15714: checking sys/sockio.h presence
configure:15714: gcc -E  conftest.c
conftest.c:52:24: fatal error: sys/sockio.h: No such file or directory
compilation terminated.
configure:15714: $? = 1
configure: failed program was:
| /* confdefs.h */
| #define PACKAGE_NAME "fuse-ufs"
| #define PACKAGE_TARNAME "fuse-ufs"
| #define PACKAGE_VERSION "0.0.1"
| #define PACKAGE_STRING "fuse-ufs 0.0.1"
| #define PACKAGE_BUGREPORT "mkatiyar@gmail.com"
| #define PACKAGE_URL ""
| #define PACKAGE "fuse-ufs"
| #define VERSION "0.0.1"
| #define STDC_HEADERS 1
| #define HAVE_SYS_TYPES_H 1
| #define HAVE_SYS_STAT_H 1
| #define HAVE_STDLIB_H 1
| #define HAVE_STRING_H 1
| #define HAVE_MEMORY_H 1
| #define HAVE_STRINGS_H 1
| #define HAVE_INTTYPES_H 1
| #define HAVE_STDINT_H 1
| #define HAVE_UNISTD_H 1
| #define HAVE_DLFCN_H 1
| #define LT_OBJDIR ".libs/"
| #define _LARGE_FILE_SOURCE /**/
| #define _FILE_OFFSET_BITS 64
| #define HAVE_DIRENT_H 1
| #define STDC_HEADERS 1
| #define HAVE_FCNTL_H 1
| #define HAVE_MALLOC_H 1
| #define HAVE_MNTENT_H 1
| #define HAVE_NETINET_IN_H 1
| #define HAVE_PATHS_H 1
| #define HAVE_STDDEF_H 1
| #define HAVE_STDLIB_H 1
| #define HAVE_STRING_H 1
| #define HAVE_LINUX_FD_H 1
| #define HAVE_SYS_FILE_H 1
| #define HAVE_SYS_IOCTL_H 1
| #define HAVE_SYS_MOUNT_H 1
| #define HAVE_SYS_PARAM_H 1
| #define HAVE_SYS_STATVFS_H 1
| #define HAVE_SYS_TIME_H 1
| #define HAVE_SYS_TYPES_H 1
| #define HAVE_SYS_STAT_H 1
| #define HAVE_SYS_IOCTL_H 1
| #define HAVE_SYS_SYSCALL_H 1
| #define HAVE_SYS_RESOURCE_H 1
| #define HAVE_SYS_MMAN_H 1
| #define HAVE_SYS_PRCTL_H 1
| #define HAVE_SYS_QUEUE_H 1
| #define HAVE_SYS_SOCKET_H 1
| #define HAVE_SYS_UN_H 1
| /* end confdefs.h.  */
| #include <sys/sockio.h>
configure:15714: result: no
configure:15714: checking for sys/sockio.h
configure:15714: result: no
configure:15714: checking net/if.h usability
configure:15714: gcc -c -g -O2  conftest.c >&5
configure:15714: $? = 0
configure:15714: result: yes
configure:15714: checking net/if.h presence
configure:15714: gcc -E  conftest.c
configure:15714: $? = 0
configure:15714: result: yes
configure:15714: checking for net/if.h
configure:15714: result: yes
configure:15714: checking for netinet/in.h
configure:15714: result: yes
configure:15714: checking net/if_dl.h usability
configure:15714: gcc -c -g -O2  conftest.c >&5
conftest.c:87:23: fatal error: net/if_dl.h: No such file or directory
compilation terminated.
configure:15714: $? = 1
configure: failed program was:
| /* confdefs.h */
| #define PACKAGE_NAME "fuse-ufs"
| #define PACKAGE_TARNAME "fuse-ufs"
| #define PACKAGE_VERSION "0.0.1"
| #define PACKAGE_STRING "fuse-ufs 0.0.1"
| #define PACKAGE_BUGREPORT "mkatiyar@gmail.com"
| #define PACKAGE_URL ""
| #define PACKAGE "fuse-ufs"
| #define VERSION "0.0.1"
| #define STDC_HEADERS 1
| #define HAVE_SYS_TYPES_H 1
| #define HAVE_SYS_STAT_H 1
| #define HAVE_STDLIB_H 1
| #define HAVE_STRING_H 1
| #define HAVE_MEMORY_H 1
| #define HAVE_STRINGS_H 1
| #define HAVE_INTTYPES_H 1
| #define HAVE_STDINT_H 1
| #define HAVE_UNISTD_H 1
| #define HAVE_DLFCN_H 1
| #define LT_OBJDIR ".libs/"
| #define _LARGE_FILE_SOURCE /**/
| #define _FILE_OFFSET_BITS 64
| #define HAVE_DIRENT_H 1
| #define STDC_HEADERS 1
| #define HAVE_FCNTL_H 1
| #define HAVE_MALLOC_H 1
| #define HAVE_MNTENT_H 1
| #define HAVE_NETINET_IN_H 1
| #define HAVE_PATHS_H 1
| #define HAVE_STDDEF_H 1
| #define HAVE_STDLIB_H 1
| #define HAVE_STRING_H 1
| #define HAVE_LINUX_FD_H 1
| #define HAVE_SYS_FILE_H 1
| #define HAVE_SYS_IOCTL_H 1
| #define HAVE_SYS_MOUNT_H 1
| #define HAVE_SYS_PARAM_H 1
| #define HAVE_SYS_STATVFS_H 1
| #define HAVE_SYS_TIME_H 1
| #define HAVE_SYS_TYPES_H 1
| #define HAVE_SYS_STAT_H 1
| #define HAVE_SYS_IOCTL_H 1
| #define HAVE_SYS_SYSCALL_H 1
| #define HAVE_SYS_RESOURCE_H 1
| #define HAVE_SYS_MMAN_H 1
| #define HAVE_SYS_PRCTL_H 1
| #define HAVE_SYS_QUEUE_H 1
| #define HAVE_SYS_SOCKET_H 1
| #define HAVE_SYS_UN_H 1
| #define HAVE_NET_IF_H 1
| #define HAVE_NETINET_IN_H 1
| /* end confdefs.h.  */
| #include <stdio.h>
| #ifdef HAVE_SYS_TYPES_H
| # include <sys/types.h>
| #endif
| #ifdef HAVE_SYS_STAT_H
| # include <sys/stat.h>
| #endif
| #ifdef STDC_HEADERS
| # include <stdlib.h>
| # include <stddef.h>
| #else
| # ifdef HAVE_STDLIB_H
| #  include <stdlib.h>
| # endif
| #endif
| #ifdef HAVE_STRING_H
| # if !defined STDC_HEADERS && defined HAVE_MEMORY_H
| #  include <memory.h>
| # endif
| # include <string.h>
| #endif
| #ifdef HAVE_STRINGS_H
| # include <strings.h>
| #endif
| #ifdef HAVE_INTTYPES_H
| # include <inttypes.h>
| #endif
| #ifdef HAVE_STDINT_H
| # include <stdint.h>
| #endif
| #ifdef HAVE_UNISTD_H
| # include <unistd.h>
| #endif
| #include <net/if_dl.h>
configure:15714: result: no
configure:15714: checking net/if_dl.h presence
configure:15714: gcc -E  conftest.c
conftest.c:54:23: fatal error: net/if_dl.h: No such file or directory
compilation terminated.
configure:15714: $? = 1
configure: failed program was:
| /* confdefs.h */
| #define PACKAGE_NAME "fuse-ufs"
| #define PACKAGE_TARNAME "fuse-ufs"
| #define PACKAGE_VERSION "0.0.1"
| #define PACKAGE_STRING "fuse-ufs 0.0.1"
| #define PACKAGE_BUGREPORT "mkatiyar@gmail.com"
| #define PACKAGE_URL ""
| #define PACKAGE "fuse-ufs"
| #define VERSION "0.0.1"
| #define STDC_HEADERS 1
| #define HAVE_SYS_TYPES_H 1
| #define HAVE_SYS_STAT_H 1
| #define HAVE_STDLIB_H 1
| #define HAVE_STRING_H 1
| #define HAVE_MEMORY_H 1
| #define HAVE_STRINGS_H 1
| #define HAVE_INTTYPES_H 1
| #define HAVE_STDINT_H 1
| #define HAVE_UNISTD_H 1
| #define HAVE_DLFCN_H 1
| #define LT_OBJDIR ".libs/"
| #define _LARGE_FILE_SOURCE /**/
| #define _FILE_OFFSET_BITS 64
| #define HAVE_DIRENT_H 1
| #define STDC_HEADERS 1
| #define HAVE_FCNTL_H 1
| #define HAVE_MALLOC_H 1
| #define HAVE_MNTENT_H 1
| #define HAVE_NETINET_IN_H 1
| #define HAVE_PATHS_H 1
| #define HAVE_STDDEF_H 1
| #define HAVE_STDLIB_H 1
| #define HAVE_STRING_H 1
| #define HAVE_LINUX_FD_H 1
| #define HAVE_SYS_FILE_H 1
| #define HAVE_SYS_IOCTL_H 1
| #define HAVE_SYS_MOUNT_H 1
| #define HAVE_SYS_PARAM_H 1
| #define HAVE_SYS_STATVFS_H 1
| #define HAVE_SYS_TIME_H 1
| #define HAVE_SYS_TYPES_H 1
| #define HAVE_SYS_STAT_H 1
| #define HAVE_SYS_IOCTL_H 1
| #define HAVE_SYS_SYSCALL_H 1
| #define HAVE_SYS_RESOURCE_H 1
| #define HAVE_SYS_MMAN_H 1
| #define HAVE_SYS_PRCTL_H 1
| #define HAVE_SYS_QUEUE_H 1
| #define HAVE_SYS_SOCKET_H 1
| #define HAVE_SYS_UN_H 1
| #define HAVE_NET_IF_H 1
| #define HAVE_NETINET_IN_H 1
| /* end confdefs.h.  */
| #include <net/if_dl.h>
configure:15714: result: no
configure:15714: checking for net/if_dl.h
configure:15714: result: no
configure:15714: checking errno.h usability
configure:15714: gcc -c -g -O2  conftest.c >&5
configure:15714: $? = 0
configure:15714: result: yes
configure:15714: checking errno.h presence
configure:15714: gcc -E  conftest.c
configure:15714: $? = 0
configure:15714: result: yes
configure:15714: checking for errno.h
configure:15714: result: yes
configure:15714: checking for unistd.h
configure:15714: result: yes
configure:15714: checking utime.h usability
configure:15714: gcc -c -g -O2  conftest.c >&5
configure:15714: $? = 0
configure:15714: result: yes
configure:15714: checking utime.h presence
configure:15714: gcc -E  conftest.c
configure:15714: $? = 0
configure:15714: result: yes
configure:15714: checking for utime.h
configure:15714: result: yes
configure:15714: checking getopt.h usability
configure:15714: gcc -c -g -O2  conftest.c >&5
configure:15714: $? = 0
configure:15714: result: yes
configure:15714: checking getopt.h presence
configure:15714: gcc -E  conftest.c
configure:15714: $? = 0
configure:15714: result: yes
configure:15714: checking for getopt.h
configure:15714: result: yes
configure:15714: checking for inttypes.h
configure:15714: result: yes
configure:15728: checking for sys/disk.h
configure:15728: gcc -c -g -O2  conftest.c >&5
conftest.c:65:22: fatal error: sys/disk.h: No such file or directory
compilation terminated.
configure:15728: $? = 1
configure: failed program was:
| /* confdefs.h */
| #define PACKAGE_NAME "fuse-ufs"
| #define PACKAGE_TARNAME "fuse-ufs"
| #define PACKAGE_VERSION "0.0.1"
| #define PACKAGE_STRING "fuse-ufs 0.0.1"
| #define PACKAGE_BUGREPORT "mkatiyar@gmail.com"
| #define PACKAGE_URL ""
| #define PACKAGE "fuse-ufs"
| #define VERSION "0.0.1"
| #define STDC_HEADERS 1
| #define HAVE_SYS_TYPES_H 1
| #define HAVE_SYS_STAT_H 1
| #define HAVE_STDLIB_H 1
| #define HAVE_STRING_H 1
| #define HAVE_MEMORY_H 1
| #define HAVE_STRINGS_H 1
| #define HAVE_INTTYPES_H 1
| #define HAVE_STDINT_H 1
| #define HAVE_UNISTD_H 1
| #define HAVE_DLFCN_H 1
| #define LT_OBJDIR ".libs/"
| #define _LARGE_FILE_SOURCE /**/
| #define _FILE_OFFSET_BITS 64
| #define HAVE_DIRENT_H 1
| #define STDC_HEADERS 1
| #define HAVE_FCNTL_H 1
| #define HAVE_MALLOC_H 1
| #define HAVE_MNTENT_H 1
| #define HAVE_NETINET_IN_H 1
| #define HAVE_PATHS_H 1
| #define HAVE_STDDEF_H 1
| #define HAVE_STDLIB_H 1
| #define HAVE_STRING_H 1
| #define HAVE_LINUX_FD_H 1
| #define HAVE_SYS_FILE_H 1
| #define HAVE_SYS_IOCTL_H 1
| #define HAVE_SYS_MOUNT_H 1
| #define HAVE_SYS_PARAM_H 1
| #define HAVE_SYS_STATVFS_H 1
| #define HAVE_SYS_TIME_H 1
| #define HAVE_SYS_TYPES_H 1
| #define HAVE_SYS_STAT_H 1
| #define HAVE_SYS_IOCTL_H 1
| #define HAVE_SYS_SYSCALL_H 1
| #define HAVE_SYS_RESOURCE_H 1
| #define HAVE_SYS_MMAN_H 1
| #define HAVE_SYS_PRCTL_H 1
| #define HAVE_SYS_QUEUE_H 1
| #define HAVE_SYS_SOCKET_H 1
| #define HAVE_SYS_UN_H 1
| #define HAVE_NET_IF_H 1
| #define HAVE_NETINET_IN_H 1
| #define HAVE_ERRNO_H 1
| #define HAVE_UNISTD_H 1
| #define HAVE_UTIME_H 1
| #define HAVE_GETOPT_H 1
| #define HAVE_INTTYPES_H 1
| /* end confdefs.h.  */
| 
| #if HAVE_SYS_QUEUE_H
| #include <sys/queue.h>
| #endif
| 
| 
| #include <sys/disk.h>
configure:15728: result: no
configure:15728: checking for sys/mount.h
configure:15728: result: yes
configure:15745: checking for an ANSI C-conforming const
configure:15811: gcc -c -g -O2  conftest.c >&5
configure:15811: $? = 0
configure:15818: result: yes
configure:15826: checking for inline
configure:15842: gcc -c -g -O2  conftest.c >&5
configure:15842: $? = 0
configure:15850: result: inline
configure:15868: checking for mode_t
configure:15868: gcc -c -g -O2  conftest.c >&5
configure:15868: $? = 0
configure:15868: gcc -c -g -O2  conftest.c >&5
conftest.c: In function 'main':
conftest.c:96:21: error: expected expression before ')' token
configure:15868: $? = 1
configure: failed program was:
| /* confdefs.h */
| #define PACKAGE_NAME "fuse-ufs"
| #define PACKAGE_TARNAME "fuse-ufs"
| #define PACKAGE_VERSION "0.0.1"
| #define PACKAGE_STRING "fuse-ufs 0.0.1"
| #define PACKAGE_BUGREPORT "mkatiyar@gmail.com"
| #define PACKAGE_URL ""
| #define PACKAGE "fuse-ufs"
| #define VERSION "0.0.1"
| #define STDC_HEADERS 1
| #define HAVE_SYS_TYPES_H 1
| #define HAVE_SYS_STAT_H 1
| #define HAVE_STDLIB_H 1
| #define HAVE_STRING_H 1
| #define HAVE_MEMORY_H 1
| #define HAVE_STRINGS_H 1
| #define HAVE_INTTYPES_H 1
| #define HAVE_STDINT_H 1
| #define HAVE_UNISTD_H 1
| #define HAVE_DLFCN_H 1
| #define LT_OBJDIR ".libs/"
| #define _LARGE_FILE_SOURCE /**/
| #define _FILE_OFFSET_BITS 64
| #define HAVE_DIRENT_H 1
| #define STDC_HEADERS 1
| #define HAVE_FCNTL_H 1
| #define HAVE_MALLOC_H 1
| #define HAVE_MNTENT_H 1
| #define HAVE_NETINET_IN_H 1
| #define HAVE_PATHS_H 1
| #define HAVE_STDDEF_H 1
| #define HAVE_STDLIB_H 1
| #define HAVE_STRING_H 1
| #define HAVE_LINUX_FD_H 1
| #define HAVE_SYS_FILE_H 1
| #define HAVE_SYS_IOCTL_H 1
| #define HAVE_SYS_MOUNT_H 1
| #define HAVE_SYS_PARAM_H 1
| #define HAVE_SYS_STATVFS_H 1
| #define HAVE_SYS_TIME_H 1
| #define HAVE_SYS_TYPES_H 1
| #define HAVE_SYS_STAT_H 1
| #define HAVE_SYS_IOCTL_H 1
| #define HAVE_SYS_SYSCALL_H 1
| #define HAVE_SYS_RESOURCE_H 1
| #define HAVE_SYS_MMAN_H 1
| #define HAVE_SYS_PRCTL_H 1
| #define HAVE_SYS_QUEUE_H 1
| #define HAVE_SYS_SOCKET_H 1
| #define HAVE_SYS_UN_H 1
| #define HAVE_NET_IF_H 1
| #define HAVE_NETINET_IN_H 1
| #define HAVE_ERRNO_H 1
| #define HAVE_UNISTD_H 1
| #define HAVE_UTIME_H 1
| #define HAVE_GETOPT_H 1
| #define HAVE_INTTYPES_H 1
| #define HAVE_SYS_MOUNT_H 1
| /* end confdefs.h.  */
| #include <stdio.h>
| #ifdef HAVE_SYS_TYPES_H
| # include <sys/types.h>
| #endif
| #ifdef HAVE_SYS_STAT_H
| # include <sys/stat.h>
| #endif
| #ifdef STDC_HEADERS
| # include <stdlib.h>
| # include <stddef.h>
| #else
| # ifdef HAVE_STDLIB_H
| #  include <stdlib.h>
| # endif
| #endif
| #ifdef HAVE_STRING_H
| # if !defined STDC_HEADERS && defined HAVE_MEMORY_H
| #  include <memory.h>
| # endif
| # include <string.h>
| #endif
| #ifdef HAVE_STRINGS_H
| # include <strings.h>
| #endif
| #ifdef HAVE_INTTYPES_H
| # include <inttypes.h>
| #endif
| #ifdef HAVE_STDINT_H
| # include <stdint.h>
| #endif
| #ifdef HAVE_UNISTD_H
| # include <unistd.h>
| #endif
| int
| main ()
| {
| if (sizeof ((mode_t)))
| 	    return 0;
|   ;
|   return 0;
| }
configure:15868: result: yes
configure:15879: checking for off_t
configure:15879: result: yes
configure:15890: checking for size_t
configure:15890: result: yes
configure:15901: checking for ssize_t
configure:15901: gcc -c -g -O2  conftest.c >&5
configure:15901: $? = 0
configure:15901: gcc -c -g -O2  conftest.c >&5
conftest.c: In function 'main':
conftest.c:96:22: error: expected expression before ')' token
configure:15901: $? = 1
configure: failed program was:
| /* confdefs.h */
| #define PACKAGE_NAME "fuse-ufs"
| #define PACKAGE_TARNAME "fuse-ufs"
| #define PACKAGE_VERSION "0.0.1"
| #define PACKAGE_STRING "fuse-ufs 0.0.1"
| #define PACKAGE_BUGREPORT "mkatiyar@gmail.com"
| #define PACKAGE_URL ""
| #define PACKAGE "fuse-ufs"
| #define VERSION "0.0.1"
| #define STDC_HEADERS 1
| #define HAVE_SYS_TYPES_H 1
| #define HAVE_SYS_STAT_H 1
| #define HAVE_STDLIB_H 1
| #define HAVE_STRING_H 1
| #define HAVE_MEMORY_H 1
| #define HAVE_STRINGS_H 1
| #define HAVE_INTTYPES_H 1
| #define HAVE_STDINT_H 1
| #define HAVE_UNISTD_H 1
| #define HAVE_DLFCN_H 1
| #define LT_OBJDIR ".libs/"
| #define _LARGE_FILE_SOURCE /**/
| #define _FILE_OFFSET_BITS 64
| #define HAVE_DIRENT_H 1
| #define STDC_HEADERS 1
| #define HAVE_FCNTL_H 1
| #define HAVE_MALLOC_H 1
| #define HAVE_MNTENT_H 1
| #define HAVE_NETINET_IN_H 1
| #define HAVE_PATHS_H 1
| #define HAVE_STDDEF_H 1
| #define HAVE_STDLIB_H 1
| #define HAVE_STRING_H 1
| #define HAVE_LINUX_FD_H 1
| #define HAVE_SYS_FILE_H 1
| #define HAVE_SYS_IOCTL_H 1
| #define HAVE_SYS_MOUNT_H 1
| #define HAVE_SYS_PARAM_H 1
| #define HAVE_SYS_STATVFS_H 1
| #define HAVE_SYS_TIME_H 1
| #define HAVE_SYS_TYPES_H 1
| #define HAVE_SYS_STAT_H 1
| #define HAVE_SYS_IOCTL_H 1
| #define HAVE_SYS_SYSCALL_H 1
| #define HAVE_SYS_RESOURCE_H 1
| #define HAVE_SYS_MMAN_H 1
| #define HAVE_SYS_PRCTL_H 1
| #define HAVE_SYS_QUEUE_H 1
| #define HAVE_SYS_SOCKET_H 1
| #define HAVE_SYS_UN_H 1
| #define HAVE_NET_IF_H 1
| #define HAVE_NETINET_IN_H 1
| #define HAVE_ERRNO_H 1
| #define HAVE_UNISTD_H 1
| #define HAVE_UTIME_H 1
| #define HAVE_GETOPT_H 1
| #define HAVE_INTTYPES_H 1
| #define HAVE_SYS_MOUNT_H 1
| /* end confdefs.h.  */
| #include <stdio.h>
| #ifdef HAVE_SYS_TYPES_H
| # include <sys/types.h>
| #endif
| #ifdef HAVE_SYS_STAT_H
| # include <sys/stat.h>
| #endif
| #ifdef STDC_HEADERS
| # include <stdlib.h>
| # include <stddef.h>
| #else
| # ifdef HAVE_STDLIB_H
| #  include <stdlib.h>
| # endif
| #endif
| #ifdef HAVE_STRING_H
| # if !defined STDC_HEADERS && defined HAVE_MEMORY_H
| #  include <memory.h>
| # endif
| # include <string.h>
| #endif
| #ifdef HAVE_STRINGS_H
| # include <strings.h>
| #endif
| #ifdef HAVE_INTTYPES_H
| # include <inttypes.h>
| #endif
| #ifdef HAVE_STDINT_H
| # include <stdint.h>
| #endif
| #ifdef HAVE_UNISTD_H
| # include <unistd.h>
| #endif
| int
| main ()
| {
| if (sizeof ((ssize_t)))
| 	    return 0;
|   ;
|   return 0;
| }
configure:15901: result: yes
configure:15912: checking for struct stat.st_blksize
configure:15912: gcc -c -g -O2  conftest.c >&5
configure:15912: $? = 0
configure:15912: result: yes
configure:15922: checking for struct stat.st_blocks
configure:15922: gcc -c -g -O2  conftest.c >&5
configure:15922: $? = 0
configure:15922: result: yes
configure:15942: checking for struct stat.st_rdev
configure:15942: gcc -c -g -O2  conftest.c >&5
configure:15942: $? = 0
configure:15942: result: yes
configure:15952: checking whether time.h and sys/time.h may both be included
configure:15972: gcc -c -g -O2  conftest.c >&5
configure:15972: $? = 0
configure:15979: result: yes
configure:15987: checking whether llseek is declared
configure:15987: gcc -c -g -O2  conftest.c >&5
conftest.c: In function 'main':
conftest.c:74:10: error: 'llseek' undeclared (first use in this function)
conftest.c:74:10: note: each undeclared identifier is reported only once for each function it appears in
configure:15987: $? = 1
configure: failed program was:
| /* confdefs.h */
| #define PACKAGE_NAME "fuse-ufs"
| #define PACKAGE_TARNAME "fuse-ufs"
| #define PACKAGE_VERSION "0.0.1"
| #define PACKAGE_STRING "fuse-ufs 0.0.1"
| #define PACKAGE_BUGREPORT "mkatiyar@gmail.com"
| #define PACKAGE_URL ""
| #define PACKAGE "fuse-ufs"
| #define VERSION "0.0.1"
| #define STDC_HEADERS 1
| #define HAVE_SYS_TYPES_H 1
| #define HAVE_SYS_STAT_H 1
| #define HAVE_STDLIB_H 1
| #define HAVE_STRING_H 1
| #define HAVE_MEMORY_H 1
| #define HAVE_STRINGS_H 1
| #define HAVE_INTTYPES_H 1
| #define HAVE_STDINT_H 1
| #define HAVE_UNISTD_H 1
| #define HAVE_DLFCN_H 1
| #define LT_OBJDIR ".libs/"
| #define _LARGE_FILE_SOURCE /**/
| #define _FILE_OFFSET_BITS 64
| #define HAVE_DIRENT_H 1
| #define STDC_HEADERS 1
| #define HAVE_FCNTL_H 1
| #define HAVE_MALLOC_H 1
| #define HAVE_MNTENT_H 1
| #define HAVE_NETINET_IN_H 1
| #define HAVE_PATHS_H 1
| #define HAVE_STDDEF_H 1
| #define HAVE_STDLIB_H 1
| #define HAVE_STRING_H 1
| #define HAVE_LINUX_FD_H 1
| #define HAVE_SYS_FILE_H 1
| #define HAVE_SYS_IOCTL_H 1
| #define HAVE_SYS_MOUNT_H 1
| #define HAVE_SYS_PARAM_H 1
| #define HAVE_SYS_STATVFS_H 1
| #define HAVE_SYS_TIME_H 1
| #define HAVE_SYS_TYPES_H 1
| #define HAVE_SYS_STAT_H 1
| #define HAVE_SYS_IOCTL_H 1
| #define HAVE_SYS_SYSCALL_H 1
| #define HAVE_SYS_RESOURCE_H 1
| #define HAVE_SYS_MMAN_H 1
| #define HAVE_SYS_PRCTL_H 1
| #define HAVE_SYS_QUEUE_H 1
| #define HAVE_SYS_SOCKET_H 1
| #define HAVE_SYS_UN_H 1
| #define HAVE_NET_IF_H 1
| #define HAVE_NETINET_IN_H 1
| #define HAVE_ERRNO_H 1
| #define HAVE_UNISTD_H 1
| #define HAVE_UTIME_H 1
| #define HAVE_GETOPT_H 1
| #define HAVE_INTTYPES_H 1
| #define HAVE_SYS_MOUNT_H 1
| #define HAVE_STRUCT_STAT_ST_BLKSIZE 1
| #define HAVE_STRUCT_STAT_ST_BLOCKS 1
| #define HAVE_ST_BLOCKS 1
| #define HAVE_STRUCT_STAT_ST_RDEV 1
| #define TIME_WITH_SYS_TIME 1
| /* end confdefs.h.  */
| #include <unistd.h>
| 
| int
| main ()
| {
| #ifndef llseek
| #ifdef __cplusplus
|   (void) llseek;
| #else
|   (void) llseek;
| #endif
| #endif
| 
|   ;
|   return 0;
| }
configure:15987: result: no
configure:15995: checking whether lseek64 is declared
configure:15995: gcc -c -g -O2  conftest.c >&5
configure:15995: $? = 0
configure:15995: result: yes
configure:16006: checking for ssize_t
configure:16006: result: yes
configure:16018: checking for vprintf
configure:16018: gcc -o conftest -g -O2   conftest.c  >&5
conftest.c:90:6: warning: conflicting types for built-in function 'vprintf' [enabled by default]
configure:16018: $? = 0
configure:16018: result: yes
configure:16024: checking for _doprnt
configure:16024: gcc -o conftest -g -O2   conftest.c  >&5
/tmp/cc5oGvfn.o: In function `main':
/home/mkatiyar/personal/mtools/fusework/ufs_fuse/conftest.c:102: undefined reference to `_doprnt'
collect2: error: ld returned 1 exit status
configure:16024: $? = 1
configure: failed program was:
| /* confdefs.h */
| #define PACKAGE_NAME "fuse-ufs"
| #define PACKAGE_TARNAME "fuse-ufs"
| #define PACKAGE_VERSION "0.0.1"
| #define PACKAGE_STRING "fuse-ufs 0.0.1"
| #define PACKAGE_BUGREPORT "mkatiyar@gmail.com"
| #define PACKAGE_URL ""
| #define PACKAGE "fuse-ufs"
| #define VERSION "0.0.1"
| #define STDC_HEADERS 1
| #define HAVE_SYS_TYPES_H 1
| #define HAVE_SYS_STAT_H 1
| #define HAVE_STDLIB_H 1
| #define HAVE_STRING_H 1
| #define HAVE_MEMORY_H 1
| #define HAVE_STRINGS_H 1
| #define HAVE_INTTYPES_H 1
| #define HAVE_STDINT_H 1
| #define HAVE_UNISTD_H 1
| #define HAVE_DLFCN_H 1
| #define LT_OBJDIR ".libs/"
| #define _LARGE_FILE_SOURCE /**/
| #define _FILE_OFFSET_BITS 64
| #define HAVE_DIRENT_H 1
| #define STDC_HEADERS 1
| #define HAVE_FCNTL_H 1
| #define HAVE_MALLOC_H 1
| #define HAVE_MNTENT_H 1
| #define HAVE_NETINET_IN_H 1
| #define HAVE_PATHS_H 1
| #define HAVE_STDDEF_H 1
| #define HAVE_STDLIB_H 1
| #define HAVE_STRING_H 1
| #define HAVE_LINUX_FD_H 1
| #define HAVE_SYS_FILE_H 1
| #define HAVE_SYS_IOCTL_H 1
| #define HAVE_SYS_MOUNT_H 1
| #define HAVE_SYS_PARAM_H 1
| #define HAVE_SYS_STATVFS_H 1
| #define HAVE_SYS_TIME_H 1
| #define HAVE_SYS_TYPES_H 1
| #define HAVE_SYS_STAT_H 1
| #define HAVE_SYS_IOCTL_H 1
| #define HAVE_SYS_SYSCALL_H 1
| #define HAVE_SYS_RESOURCE_H 1
| #define HAVE_SYS_MMAN_H 1
| #define HAVE_SYS_PRCTL_H 1
| #define HAVE_SYS_QUEUE_H 1
| #define HAVE_SYS_SOCKET_H 1
| #define HAVE_SYS_UN_H 1
| #define HAVE_NET_IF_H 1
| #define HAVE_NETINET_IN_H 1
| #define HAVE_ERRNO_H 1
| #define HAVE_UNISTD_H 1
| #define HAVE_UTIME_H 1
| #define HAVE_GETOPT_H 1
| #define HAVE_INTTYPES_H 1
| #define HAVE_SYS_MOUNT_H 1
| #define HAVE_STRUCT_STAT_ST_BLKSIZE 1
| #define HAVE_STRUCT_STAT_ST_BLOCKS 1
| #define HAVE_ST_BLOCKS 1
| #define HAVE_STRUCT_STAT_ST_RDEV 1
| #define TIME_WITH_SYS_TIME 1
| #define HAVE_LSEEK64_PROTOTYPE 1
| #define HAVE_TYPE_SSIZE_T 1
| #define HAVE_VPRINTF 1
| /* end confdefs.h.  */
| /* Define _doprnt to an innocuous variant, in case <limits.h> declares _doprnt.
|    For example, HP-UX 11i <limits.h> declares gettimeofday.  */
| #define _doprnt innocuous__doprnt
| 
| /* System header to define __stub macros and hopefully few prototypes,
|     which can conflict with char _doprnt (); below.
|     Prefer <limits.h> to <assert.h> if __STDC__ is defined, since
|     <limits.h> exists even on freestanding compilers.  */
| 
| #ifdef __STDC__
| # include <limits.h>
| #else
| # include <assert.h>
| #endif
| 
| #undef _doprnt
| 
| /* Override any GCC internal prototype to avoid an error.
|    Use char because int might match the return type of a GCC
|    builtin and then its argument prototype would still apply.  */
| #ifdef __cplusplus
| extern "C"
| #endif
| char _doprnt ();
| /* The GNU C library defines this for functions which it implements
|     to always fail with ENOSYS.  Some functions are actually named
|     something starting with __ and the normal name is an alias.  */
| #if defined __stub__doprnt || defined __stub____doprnt
| choke me
| #endif
| 
| int
| main ()
| {
| return _doprnt ();
|   ;
|   return 0;
| }
configure:16024: result: no
configure:16035: checking for uid_t in sys/types.h
configure:16054: result: yes
configure:16067: checking for unistd.h
configure:16067: result: yes
configure:16077: checking for working chown
configure:16110: gcc -o conftest -g -O2   conftest.c  >&5
configure:16110: $? = 0
configure:16110: ./conftest
configure:16110: $? = 0
configure:16122: result: yes
configure:16130: checking whether closedir returns void
configure:16154: gcc -o conftest -g -O2   conftest.c  >&5
configure:16154: $? = 0
configure:16154: ./conftest
configure:16154: $? = 0
configure:16164: result: no
configure:16174: checking for library containing getmntent
configure:16205: gcc -o conftest -g -O2   conftest.c  >&5
configure:16205: $? = 0
configure:16222: result: none required
configure:16237: checking whether gcc needs -traditional
configure:16271: result: no
configure:16280: checking for stdlib.h
configure:16280: result: yes
configure:16290: checking for GNU libc compatible malloc
configure:16314: gcc -o conftest -g -O2   conftest.c  >&5
configure:16314: $? = 0
configure:16314: ./conftest
configure:16314: $? = 0
configure:16324: result: yes
configure:16345: checking for working memcmp
configure:16388: gcc -o conftest -g -O2   conftest.c  >&5
configure:16388: $? = 0
configure:16388: ./conftest
configure:16388: $? = 0
configure:16398: result: yes
configure:16413: checking for stdlib.h
configure:16413: result: yes
configure:16413: checking for unistd.h
configure:16413: result: yes
configure:16413: checking for sys/param.h
configure:16413: result: yes
configure:16413: checking for utime.h
configure:16413: result: yes
configure:16433: checking for getpagesize
configure:16433: gcc -o conftest -g -O2   conftest.c  >&5
configure:16433: $? = 0
configure:16433: result: yes
configure:16442: checking for working mmap
configure:16589: gcc -o conftest -g -O2   conftest.c  >&5
configure:16589: $? = 0
configure:16589: ./conftest
configure:16589: $? = 0
configure:16599: result: yes
configure:16610: checking for stdlib.h
configure:16610: result: yes
configure:16620: checking for GNU libc compatible realloc
configure:16644: gcc -o conftest -g -O2   conftest.c  >&5
configure:16644: $? = 0
configure:16644: ./conftest
configure:16644: $? = 0
configure:16654: result: yes
configure:16678: checking sys/select.h usability
configure:16678: gcc -c -g -O2  conftest.c >&5
configure:16678: $? = 0
configure:16678: result: yes
configure:16678: checking sys/select.h presence
configure:16678: gcc -E  conftest.c
configure:16678: $? = 0
configure:16678: result: yes
configure:16678: checking for sys/select.h
configure:16678: result: yes
configure:16678: checking for sys/socket.h
configure:16678: result: yes
configure:16688: checking types of arguments for select
configure:16716: gcc -c -g -O2  conftest.c >&5
configure:16716: $? = 0
configure:16727: result: int,fd_set *,struct timeval *
configure:16750: checking whether lstat correctly handles trailing slash
configure:16776: gcc -o conftest -g -O2   conftest.c  >&5
configure:16776: $? = 0
configure:16776: ./conftest
configure:16776: $? = 0
configure:16793: result: yes
configure:16812: checking whether stat accepts an empty string
configure:16832: gcc -o conftest -g -O2   conftest.c  >&5
configure:16832: $? = 0
configure:16832: ./conftest
configure:16832: $? = 0
configure:16842: result: no
configure:16861: checking whether utime accepts a null argument
configure:16890: gcc -o conftest -g -O2   conftest.c  >&5
configure:16890: $? = 0
configure:16890: ./conftest
configure:16890: $? = 0
configure:16900: result: yes
configure:16938: checking for ftruncate
configure:16938: gcc -o conftest -g -O2   conftest.c  >&5
configure:16938: $? = 0
configure:16938: result: yes
configure:16938: checking for getmntent
configure:16938: result: yes
configure:16938: checking for getmntinfo
configure:16938: gcc -o conftest -g -O2   conftest.c  >&5
/tmp/ccaDAcGO.o: In function `main':
/home/mkatiyar/personal/mtools/fusework/ufs_fuse/conftest.c:124: undefined reference to `getmntinfo'
collect2: error: ld returned 1 exit status
configure:16938: $? = 1
configure: failed program was:
| /* confdefs.h */
| #define PACKAGE_NAME "fuse-ufs"
| #define PACKAGE_TARNAME "fuse-ufs"
| #define PACKAGE_VERSION "0.0.1"
| #define PACKAGE_STRING "fuse-ufs 0.0.1"
| #define PACKAGE_BUGREPORT "mkatiyar@gmail.com"
| #define PACKAGE_URL ""
| #define PACKAGE "fuse-ufs"
| #define VERSION "0.0.1"
| #define STDC_HEADERS 1
| #define HAVE_SYS_TYPES_H 1
| #define HAVE_SYS_STAT_H 1
| #define HAVE_STDLIB_H 1
| #define HAVE_STRING_H 1
| #define HAVE_MEMORY_H 1
| #define HAVE_STRINGS_H 1
| #define HAVE_INTTYPES_H 1
| #define HAVE_STDINT_H 1
| #define HAVE_UNISTD_H 1
| #define HAVE_DLFCN_H 1
| #define LT_OBJDIR ".libs/"
| #define _LARGE_FILE_SOURCE /**/
| #define _FILE_OFFSET_BITS 64
| #define HAVE_DIRENT_H 1
| #define STDC_HEADERS 1
| #define HAVE_FCNTL_H 1
| #define HAVE_MALLOC_H 1
| #define HAVE_MNTENT_H 1
| #define HAVE_NETINET_IN_H 1
| #define HAVE_PATHS_H 1
| #define HAVE_STDDEF_H 1
| #define HAVE_STDLIB_H 1
| #define HAVE_STRING_H 1
| #define HAVE_LINUX_FD_H 1
| #define HAVE_SYS_FILE_H 1
| #define HAVE_SYS_IOCTL_H 1
| #define HAVE_SYS_MOUNT_H 1
| #define HAVE_SYS_PARAM_H 1
| #define HAVE_SYS_STATVFS_H 1
| #define HAVE_SYS_TIME_H 1
| #define HAVE_SYS_TYPES_H 1
| #define HAVE_SYS_STAT_H 1
| #define HAVE_SYS_IOCTL_H 1
| #define HAVE_SYS_SYSCALL_H 1
| #define HAVE_SYS_RESOURCE_H 1
| #define HAVE_SYS_MMAN_H 1
| #define HAVE_SYS_PRCTL_H 1
| #define HAVE_SYS_QUEUE_H 1
| #define HAVE_SYS_SOCKET_H 1
| #define HAVE_SYS_UN_H 1
| #define HAVE_NET_IF_H 1
| #define HAVE_NETINET_IN_H 1
| #define HAVE_ERRNO_H 1
| #define HAVE_UNISTD_H 1
| #define HAVE_UTIME_H 1
| #define HAVE_GETOPT_H 1
| #define HAVE_INTTYPES_H 1
| #define HAVE_SYS_MOUNT_H 1
| #define HAVE_STRUCT_STAT_ST_BLKSIZE 1
| #define HAVE_STRUCT_STAT_ST_BLOCKS 1
| #define HAVE_ST_BLOCKS 1
| #define HAVE_STRUCT_STAT_ST_RDEV 1
| #define TIME_WITH_SYS_TIME 1
| #define HAVE_LSEEK64_PROTOTYPE 1
| #define HAVE_TYPE_SSIZE_T 1
| #define HAVE_VPRINTF 1
| #define HAVE_UNISTD_H 1
| #define HAVE_CHOWN 1
| #define HAVE_GETMNTENT 1
| #define HAVE_STDLIB_H 1
| #define HAVE_MALLOC 1
| #define HAVE_STDLIB_H 1
| #define HAVE_UNISTD_H 1
| #define HAVE_SYS_PARAM_H 1
| #define HAVE_UTIME_H 1
| #define HAVE_GETPAGESIZE 1
| #define HAVE_MMAP 1
| #define HAVE_STDLIB_H 1
| #define HAVE_REALLOC 1
| #define HAVE_SYS_SELECT_H 1
| #define HAVE_SYS_SOCKET_H 1
| #define SELECT_TYPE_ARG1 int
| #define SELECT_TYPE_ARG234 (fd_set *)
| #define SELECT_TYPE_ARG5 (struct timeval *)
| #define LSTAT_FOLLOWS_SLASHED_SYMLINK 1
| #define HAVE_UTIME_NULL 1
| #define HAVE_FTRUNCATE 1
| #define HAVE_GETMNTENT 1
| /* end confdefs.h.  */
| /* Define getmntinfo to an innocuous variant, in case <limits.h> declares getmntinfo.
|    For example, HP-UX 11i <limits.h> declares gettimeofday.  */
| #define getmntinfo innocuous_getmntinfo
| 
| /* System header to define __stub macros and hopefully few prototypes,
|     which can conflict with char getmntinfo (); below.
|     Prefer <limits.h> to <assert.h> if __STDC__ is defined, since
|     <limits.h> exists even on freestanding compilers.  */
| 
| #ifdef __STDC__
| # include <limits.h>
| #else
| # include <assert.h>
| #endif
| 
| #undef getmntinfo
| 
| /* Override any GCC internal prototype to avoid an error.
|    Use char because int might match the return type of a GCC
|    builtin and then its argument prototype would still apply.  */
| #ifdef __cplusplus
| extern "C"
| #endif
| char getmntinfo ();
| /* The GNU C library defines this for functions which it implements
|     to always fail with ENOSYS.  Some functions are actually named
|     something starting with __ and the normal name is an alias.  */
| #if defined __stub_getmntinfo || defined __stub___getmntinfo
| choke me
| #endif
| 
| int
| main ()
| {
| return getmntinfo ();
|   ;
|   return 0;
| }
configure:16938: result: no
configure:16938: checking for getpagesize
configure:16938: result: yes
configure:16938: checking for hasmntopt
configure:16938: gcc -o conftest -g -O2   conftest.c  >&5
configure:16938: $? = 0
configure:16938: result: yes
configure:16938: checking for memmove
configure:16938: gcc -o conftest -g -O2   conftest.c  >&5
conftest.c:115:6: warning: conflicting types for built-in function 'memmove' [enabled by default]
configure:16938: $? = 0
configure:16938: result: yes
configure:16938: checking for memset
configure:16938: gcc -o conftest -g -O2   conftest.c  >&5
conftest.c:116:6: warning: conflicting types for built-in function 'memset' [enabled by default]
configure:16938: $? = 0
configure:16938: result: yes
configure:16938: checking for munmap
configure:16938: gcc -o conftest -g -O2   conftest.c  >&5
configure:16938: $? = 0
configure:16938: result: yes
configure:16938: checking for random
configure:16938: gcc -o conftest -g -O2   conftest.c  >&5
configure:16938: $? = 0
configure:16938: result: yes
configure:16938: checking for select
configure:16938: gcc -o conftest -g -O2   conftest.c  >&5
configure:16938: $? = 0
configure:16938: result: yes
configure:16938: checking for srand
configure:16938: gcc -o conftest -g -O2   conftest.c  >&5
configure:16938: $? = 0
configure:16938: result: yes
configure:16938: checking for srandom
configure:16938: gcc -o conftest -g -O2   conftest.c  >&5
configure:16938: $? = 0
configure:16938: result: yes
configure:16938: checking for strcasecmp
configure:16938: gcc -o conftest -g -O2   conftest.c  >&5
conftest.c:122:6: warning: conflicting types for built-in function 'strcasecmp' [enabled by default]
configure:16938: $? = 0
configure:16938: result: yes
configure:16938: checking for strchr
configure:16938: gcc -o conftest -g -O2   conftest.c  >&5
conftest.c:123:6: warning: conflicting types for built-in function 'strchr' [enabled by default]
configure:16938: $? = 0
configure:16938: result: yes
configure:16938: checking for strdup
configure:16938: gcc -o conftest -g -O2   conftest.c  >&5
conftest.c:124:6: warning: conflicting types for built-in function 'strdup' [enabled by default]
configure:16938: $? = 0
configure:16938: result: yes
configure:16938: checking for strerror
configure:16938: gcc -o conftest -g -O2   conftest.c  >&5
configure:16938: $? = 0
configure:16938: result: yes
configure:16938: checking for strrchr
configure:16938: gcc -o conftest -g -O2   conftest.c  >&5
conftest.c:126:6: warning: conflicting types for built-in function 'strrchr' [enabled by default]
configure:16938: $? = 0
configure:16938: result: yes
configure:16938: checking for strtol
configure:16938: gcc -o conftest -g -O2   conftest.c  >&5
configure:16938: $? = 0
configure:16938: result: yes
configure:16938: checking for strtoul
configure:16938: gcc -o conftest -g -O2   conftest.c  >&5
configure:16938: $? = 0
configure:16938: result: yes
configure:16938: checking for strtoull
configure:16938: gcc -o conftest -g -O2   conftest.c  >&5
configure:16938: $? = 0
configure:16938: result: yes
configure:16938: checking for uname
configure:16938: gcc -o conftest -g -O2   conftest.c  >&5
configure:16938: $? = 0
configure:16938: result: yes
configure:16938: checking for utime
configure:16938: gcc -o conftest -g -O2   conftest.c  >&5
configure:16938: $? = 0
configure:16938: result: yes
configure:16938: checking for llseek
configure:16938: gcc -o conftest -g -O2   conftest.c  >&5
configure:16938: $? = 0
configure:16938: result: yes
configure:16938: checking for lseek64
configure:16938: gcc -o conftest -g -O2   conftest.c  >&5
configure:16938: $? = 0
configure:16938: result: yes
configure:16949: checking for fuse_main in -lfuse
configure:16974: gcc -o conftest -g -O2   conftest.c -lfuse   >&5
configure:16974: $? = 0
configure:16983: result: yes
configure:16992: checking if FUSE on this system is too new for us
configure:17009: result: yes
configure:17241: creating ./config.status

## ---------------------- ##
## Running config.status. ##
## ---------------------- ##

This file was extended by fuse-ufs config.status 0.0.1, which was
generated by GNU Autoconf 2.69.  Invocation command line was

  CONFIG_FILES    = 
  CONFIG_HEADERS  = 
  CONFIG_LINKS    = 
  CONFIG_COMMANDS = 
  $ ./config.status 

on devils-den

config.status:1242: creating fuse-ufs.pc
config.status:1242: creating Makefile
config.status:1242: creating fuse-ufs/Makefile
config.status:1242: creating config.h
config.status:1423: config.h is unchanged
config.status:1471: executing depfiles commands
config.status:1471: executing libtool commands

## ---------------- ##
## Cache variables. ##
## ---------------- ##

ac_cv_build=i686-pc-linux-gnu
ac_cv_c_compiler_gnu=yes
ac_cv_c_const=yes
ac_cv_c_inline=inline
ac_cv_cxx_compiler_gnu=yes
ac_cv_env_CCC_set=
ac_cv_env_CCC_value=
ac_cv_env_CC_set=
ac_cv_env_CC_value=
ac_cv_env_CFLAGS_set=
ac_cv_env_CFLAGS_value=
ac_cv_env_CPPFLAGS_set=
ac_cv_env_CPPFLAGS_value=
ac_cv_env_CPP_set=
ac_cv_env_CPP_value=
ac_cv_env_CXXCPP_set=
ac_cv_env_CXXCPP_value=
ac_cv_env_CXXFLAGS_set=
ac_cv_env_CXXFLAGS_value=
ac_cv_env_CXX_set=
ac_cv_env_CXX_value=
ac_cv_env_LDFLAGS_set=
ac_cv_env_LDFLAGS_value=
ac_cv_env_LIBS_set=
ac_cv_env_LIBS_value=
ac_cv_env_build_alias_set=
ac_cv_env_build_alias_value=
ac_cv_env_host_alias_set=
ac_cv_env_host_alias_value=
ac_cv_env_target_alias_set=
ac_cv_env_target_alias_value=
ac_cv_func__doprnt=no
ac_cv_func_chown_works=yes
ac_cv_func_closedir_void=no
ac_cv_func_ftruncate=yes
ac_cv_func_getmntent=yes
ac_cv_func_getmntinfo=no
ac_cv_func_getpagesize=yes
ac_cv_func_hasmntopt=yes
ac_cv_func_llseek=yes
ac_cv_func_lseek64=yes
ac_cv_func_lstat_dereferences_slashed_symlink=yes
ac_cv_func_malloc_0_nonnull=yes
ac_cv_func_memcmp_working=yes
ac_cv_func_memmove=yes
ac_cv_func_memset=yes
ac_cv_func_mmap_fixed_mapped=yes
ac_cv_func_munmap=yes
ac_cv_func_random=yes
ac_cv_func_realloc_0_nonnull=yes
ac_cv_func_select=yes
ac_cv_func_select_args='int,fd_set *,struct timeval *'
ac_cv_func_srand=yes
ac_cv_func_srandom=yes
ac_cv_func_stat_empty_string_bug=no
ac_cv_func_strcasecmp=yes
ac_cv_func_strchr=yes
ac_cv_func_strdup=yes
ac_cv_func_strerror=yes
ac_cv_func_strrchr=yes
ac_cv_func_strtol=yes
ac_cv_func_strtoul=yes
ac_cv_func_strtoull=yes
ac_cv_func_uname=yes
ac_cv_func_utime=yes
ac_cv_func_utime_null=yes
ac_cv_func_vprintf=yes
ac_cv_have_decl_llseek=no
ac_cv_have_decl_lseek64=yes
ac_cv_header_dirent_dirent_h=yes
ac_cv_header_dlfcn_h=yes
ac_cv_header_errno_h=yes
ac_cv_header_fcntl_h=yes
ac_cv_header_getopt_h=yes
ac_cv_header_inttypes_h=yes
ac_cv_header_linux_fd_h=yes
ac_cv_header_malloc_h=yes
ac_cv_header_memory_h=yes
ac_cv_header_mntent_h=yes
ac_cv_header_net_if_dl_h=no
ac_cv_header_net_if_h=yes
ac_cv_header_netinet_in_h=yes
ac_cv_header_paths_h=yes
ac_cv_header_stdc=yes
ac_cv_header_stddef_h=yes
ac_cv_header_stdint_h=yes
ac_cv_header_stdlib_h=yes
ac_cv_header_string_h=yes
ac_cv_header_strings_h=yes
ac_cv_header_sys_disk_h=no
ac_cv_header_sys_disklabel_h=no
ac_cv_header_sys_file_h=yes
ac_cv_header_sys_ioctl_h=yes
ac_cv_header_sys_mkdev_h=no
ac_cv_header_sys_mman_h=yes
ac_cv_header_sys_mount_h=yes
ac_cv_header_sys_param_h=yes
ac_cv_header_sys_prctl_h=yes
ac_cv_header_sys_queue_h=yes
ac_cv_header_sys_resource_h=yes
ac_cv_header_sys_select_h=yes
ac_cv_header_sys_socket_h=yes
ac_cv_header_sys_sockio_h=no
ac_cv_header_sys_stat_h=yes
ac_cv_header_sys_statvfs_h=yes
ac_cv_header_sys_syscall_h=yes
ac_cv_header_sys_time_h=yes
ac_cv_header_sys_types_h=yes
ac_cv_header_sys_types_h_makedev=yes
ac_cv_header_sys_un_h=yes
ac_cv_header_time=yes
ac_cv_header_unistd_h=yes
ac_cv_header_utime_h=yes
ac_cv_host=i686-pc-linux-gnu
ac_cv_lib_fuse_fuse_main=yes
ac_cv_member_struct_stat_st_blksize=yes
ac_cv_member_struct_stat_st_blocks=yes
ac_cv_member_struct_stat_st_rdev=yes
ac_cv_objext=o
ac_cv_path_CHMOD=/bin/chmod
ac_cv_path_EGREP='/bin/grep -E'
ac_cv_path_FGREP='/bin/grep -F'
ac_cv_path_GREP=/bin/grep
ac_cv_path_SED=/bin/sed
ac_cv_path_install='/usr/bin/install -c'
ac_cv_path_mkdir=/bin/mkdir
ac_cv_prog_AWK=gawk
ac_cv_prog_CPP='gcc -E'
ac_cv_prog_CXXCPP='g++ -E'
ac_cv_prog_ac_ct_AR=ar
ac_cv_prog_ac_ct_CC=gcc
ac_cv_prog_ac_ct_CXX=g++
ac_cv_prog_ac_ct_MANIFEST_TOOL=mt
ac_cv_prog_ac_ct_OBJDUMP=objdump
ac_cv_prog_ac_ct_RANLIB=ranlib
ac_cv_prog_ac_ct_STRIP=strip
ac_cv_prog_cc_c89=
ac_cv_prog_cc_g=yes
ac_cv_prog_cxx_g=yes
ac_cv_prog_gcc_traditional=no
ac_cv_prog_make_make_set=yes
ac_cv_search_getmntent='none required'
ac_cv_search_opendir='none required'
ac_cv_target=i686-pc-linux-gnu
ac_cv_type_mode_t=yes
ac_cv_type_off_t=yes
ac_cv_type_size_t=yes
ac_cv_type_ssize_t=yes
ac_cv_type_uid_t=yes
am_cv_CC_dependencies_compiler_type=gcc3
am_cv_CXX_dependencies_compiler_type=gcc3
lt_cv_ar_at_file=@
lt_cv_archive_cmds_need_lc=no
lt_cv_deplibs_check_method=pass_all
lt_cv_file_magic_cmd='$MAGIC_CMD'
lt_cv_file_magic_test_file=
lt_cv_ld_reload_flag=-r
lt_cv_nm_interface='BSD nm'
lt_cv_objdir=.libs
lt_cv_path_LD=/usr/bin/ld
lt_cv_path_LDCXX=/usr/bin/ld
lt_cv_path_NM='/usr/bin/nm -B'
lt_cv_path_mainfest_tool=no
lt_cv_prog_compiler_c_o=yes
lt_cv_prog_compiler_c_o_CXX=yes
lt_cv_prog_compiler_pic='-fPIC -DPIC'
lt_cv_prog_compiler_pic_CXX='-fPIC -DPIC'
lt_cv_prog_compiler_pic_works=yes
lt_cv_prog_compiler_pic_works_CXX=yes
lt_cv_prog_compiler_rtti_exceptions=no
lt_cv_prog_compiler_static_works=yes
lt_cv_prog_compiler_static_works_CXX=yes
lt_cv_prog_gnu_ld=yes
lt_cv_prog_gnu_ldcxx=yes
lt_cv_sharedlib_from_linklib_cmd='printf %s\n'
lt_cv_shlibpath_overrides_runpath=no
lt_cv_sys_global_symbol_pipe='sed -n -e '\''s/^.*[	 ]\([ABCDGIRSTW][ABCDGIRSTW]*\)[	 ][	 ]*\([_A-Za-z][_A-Za-z0-9]*\)$/\1 \2 \2/p'\'' | sed '\''/ __gnu_lto/d'\'''
lt_cv_sys_global_symbol_to_c_name_address='sed -n -e '\''s/^: \([^ ]*\)[ ]*$/  {\"\1\", (void *) 0},/p'\'' -e '\''s/^[ABCDGIRSTW]* \([^ ]*\) \([^ ]*\)$/  {"\2", (void *) \&\2},/p'\'''
lt_cv_sys_global_symbol_to_c_name_address_lib_prefix='sed -n -e '\''s/^: \([^ ]*\)[ ]*$/  {\"\1\", (void *) 0},/p'\'' -e '\''s/^[ABCDGIRSTW]* \([^ ]*\) \(lib[^ ]*\)$/  {"\2", (void *) \&\2},/p'\'' -e '\''s/^[ABCDGIRSTW]* \([^ ]*\) \([^ ]*\)$/  {"lib\2", (void *) \&\2},/p'\'''
lt_cv_sys_global_symbol_to_cdecl='sed -n -e '\''s/^T .* \(.*\)$/extern int \1();/p'\'' -e '\''s/^[ABCDGIRSTW]* .* \(.*\)$/extern char \1;/p'\'''
lt_cv_sys_max_cmd_len=1572864
lt_cv_to_host_file_cmd=func_convert_file_noop
lt_cv_to_tool_file_cmd=func_convert_file_noop

## ----------------- ##
## Output variables. ##
## ----------------- ##

ACLOCAL='${SHELL} /home/mkatiyar/personal/mtools/fusework/ufs_fuse/missing --run aclocal-1.11'
AMDEPBACKSLASH='\'
AMDEP_FALSE='#'
AMDEP_TRUE=''
AMTAR='$${TAR-tar}'
AR='ar'
AUTOCONF='${SHELL} /home/mkatiyar/personal/mtools/fusework/ufs_fuse/missing --run autoconf'
AUTOHEADER='${SHELL} /home/mkatiyar/personal/mtools/fusework/ufs_fuse/missing --run autoheader'
AUTOMAKE='${SHELL} /home/mkatiyar/personal/mtools/fusework/ufs_fuse/missing --run automake-1.11'
AWK='gawk'
CC='gcc'
CCDEPMODE='depmode=gcc3'
CFLAGS='-g -O2'
CHMOD='/bin/chmod'
CPP='gcc -E'
CPPFLAGS=''
CXX='g++'
CXXCPP='g++ -E'
CXXDEPMODE='depmode=gcc3'
CXXFLAGS='-g -O2'
CYGPATH_W='echo'
DARWIN_FALSE=''
DARWIN_TRUE='#'
DEFS='-DHAVE_CONFIG_H'
DEPDIR='.deps'
DLLTOOL='false'
DSYMUTIL=''
DUMPBIN=''
ECHO_C=''
ECHO_N='-n'
ECHO_T=''
EGREP='/bin/grep -E'
EXEEXT=''
FGREP='/bin/grep -F'
GREP='/bin/grep'
INSTALL_DATA='${INSTALL} -m 644'
INSTALL_PROGRAM='${INSTALL}'
INSTALL_SCRIPT='${INSTALL}'
INSTALL_STRIP_PROGRAM='$(install_sh) -c -s'
LD='/usr/bin/ld'
LDFLAGS=''
LIBOBJS=''
LIBS=''
LIBTOOL='$(SHELL) $(top_builddir)/libtool'
LINUX_FALSE='#'
LINUX_TRUE=''
LIPO=''
LN_S='ln -s'
LTLIBOBJS=''
MAKEINFO='${SHELL} /home/mkatiyar/personal/mtools/fusework/ufs_fuse/missing --run makeinfo'
MANIFEST_TOOL=':'
MKDIR_P='/bin/mkdir -p'
NM='/usr/bin/nm -B'
NMEDIT=''
OBJDUMP='objdump'
OBJEXT='o'
OTOOL64=''
OTOOL=''
PACKAGE='fuse-ufs'
PACKAGE_BUGREPORT='mkatiyar@gmail.com'
PACKAGE_NAME='fuse-ufs'
PACKAGE_STRING='fuse-ufs 0.0.1'
PACKAGE_TARNAME='fuse-ufs'
PACKAGE_URL=''
PACKAGE_VERSION='0.0.1'
PATH_SEPARATOR=':'
RANLIB='ranlib'
SED='/bin/sed'
SET_MAKE=''
SHELL='/bin/bash'
STRIP='strip'
VERSION='0.0.1'
ac_ct_AR='ar'
ac_ct_CC='gcc'
ac_ct_CXX='g++'
ac_ct_DUMPBIN=''
am__EXEEXT_FALSE=''
am__EXEEXT_TRUE='#'
am__fastdepCC_FALSE='#'
am__fastdepCC_TRUE=''
am__fastdepCXX_FALSE='#'
am__fastdepCXX_TRUE=''
am__include='include'
am__isrc=''
am__leading_dot='.'
am__nodep='_no'
am__quote=''
am__tar='$${TAR-tar} chof - "$$tardir"'
am__untar='$${TAR-tar} xf -'
bindir='${exec_prefix}/bin'
build='i686-pc-linux-gnu'
build_alias=''
build_cpu='i686'
build_os='linux-gnu'
build_vendor='pc'
datadir='${datarootdir}'
datarootdir='${prefix}/share'
docdir='${datarootdir}/doc/${PACKAGE_TARNAME}'
dvidir='${docdir}'
exec_prefix='${prefix}'
host='i686-pc-linux-gnu'
host_alias=''
host_cpu='i686'
host_os='linux-gnu'
host_vendor='pc'
htmldir='${docdir}'
includedir='${prefix}/include'
infodir='${datarootdir}/info'
install_sh='${SHELL} /home/mkatiyar/personal/mtools/fusework/ufs_fuse/install-sh'
libdir='${exec_prefix}/lib'
libexecdir='${exec_prefix}/libexec'
localedir='${datarootdir}/locale'
localstatedir='${prefix}/var'
mandir='${datarootdir}/man'
mkdir_p='/bin/mkdir -p'
oldincludedir='/usr/include'
pdfdir='${docdir}'
pkgconfigdir='${libdir}/pkgconfig'
prefix='/usr/local'
program_transform_name='s,x,x,'
psdir='${docdir}'
sbindir='${exec_prefix}/sbin'
sharedstatedir='${prefix}/com'
sysconfdir='${prefix}/etc'
target='i686-pc-linux-gnu'
target_alias=''
target_cpu='i686'
target_os='linux-gnu'
target_vendor='pc'

## ----------- ##
## confdefs.h. ##
## ----------- ##

/* confdefs.h */
#define PACKAGE_NAME "fuse-ufs"
#define PACKAGE_TARNAME "fuse-ufs"
#define PACKAGE_VERSION "0.0.1"
#define PACKAGE_STRING "fuse-ufs 0.0.1"
#define PACKAGE_BUGREPORT "mkatiyar@gmail.com"
#define PACKAGE_URL ""
#define PACKAGE "fuse-ufs"
#define VERSION "0.0.1"
#define STDC_HEADERS 1
#define HAVE_SYS_TYPES_H 1
#define HAVE_SYS_STAT_H 1
#define HAVE_STDLIB_H 1
#define HAVE_STRING_H 1
#define HAVE_MEMORY_H 1
#define HAVE_STRINGS_H 1
#define HAVE_INTTYPES_H 1
#define HAVE_STDINT_H 1
#define HAVE_UNISTD_H 1
#define HAVE_DLFCN_H 1
#define LT_OBJDIR ".libs/"
#define _LARGE_FILE_SOURCE /**/
#define _FILE_OFFSET_BITS 64
#define HAVE_DIRENT_H 1
#define STDC_HEADERS 1
#define HAVE_FCNTL_H 1
#define HAVE_MALLOC_H 1
#define HAVE_MNTENT_H 1
#define HAVE_NETINET_IN_H 1
#define HAVE_PATHS_H 1
#define HAVE_STDDEF_H 1
#define HAVE_STDLIB_H 1
#define HAVE_STRING_H 1
#define HAVE_LINUX_FD_H 1
#define HAVE_SYS_FILE_H 1
#define HAVE_SYS_IOCTL_H 1
#define HAVE_SYS_MOUNT_H 1
#define HAVE_SYS_PARAM_H 1
#define HAVE_SYS_STATVFS_H 1
#define HAVE_SYS_TIME_H 1
#define HAVE_SYS_TYPES_H 1
#define HAVE_SYS_STAT_H 1
#define HAVE_SYS_IOCTL_H 1
#define HAVE_SYS_SYSCALL_H 1
#define HAVE_SYS_RESOURCE_H 1
#define HAVE_SYS_MMAN_H 1
#define HAVE_SYS_PRCTL_H 1
#define HAVE_SYS_QUEUE_H 1
#define HAVE_SYS_SOCKET_H 1
#define HAVE_SYS_UN_H 1
#define HAVE_NET_IF_H 1
#define HAVE_NETINET_IN_H 1
#define HAVE_ERRNO_H 1
#define HAVE_UNISTD_H 1
#define HAVE_UTIME_H 1
#define HAVE_GETOPT_H 1
#define HAVE_INTTYPES_H 1
#define HAVE_SYS_MOUNT_H 1
#define HAVE_STRUCT_STAT_ST_BLKSIZE 1
#define HAVE_STRUCT_STAT_ST_BLOCKS 1
#define HAVE_ST_BLOCKS 1
#define HAVE_STRUCT_STAT_ST_RDEV 1
#define TIME_WITH_SYS_TIME 1
#define HAVE_LSEEK64_PROTOTYPE 1
#define HAVE_TYPE_SSIZE_T 1
#define HAVE_VPRINTF 1
#define HAVE_UNISTD_H 1
#define HAVE_CHOWN 1
#define HAVE_GETMNTENT 1
#define HAVE_STDLIB_H 1
#define HAVE_MALLOC 1
#define HAVE_STDLIB_H 1
#define HAVE_UNISTD_H 1
#define HAVE_SYS_PARAM_H 1
#define HAVE_UTIME_H 1
#define HAVE_GETPAGESIZE 1
#define HAVE_MMAP 1
#define HAVE_STDLIB_H 1
#define HAVE_REALLOC 1
#define HAVE_SYS_SELECT_H 1
#define HAVE_SYS_SOCKET_H 1
#define SELECT_TYPE_ARG1 int
#define SELECT_TYPE_ARG234 (fd_set *)
#define SELECT_TYPE_ARG5 (struct timeval *)
#define LSTAT_FOLLOWS_SLASHED_SYMLINK 1
#define HAVE_UTIME_NULL 1
#define HAVE_FTRUNCATE 1
#define HAVE_GETMNTENT 1
#define HAVE_GETPAGESIZE 1
#define HAVE_HASMNTOPT 1
#define HAVE_MEMMOVE 1
#define HAVE_MEMSET 1
#define HAVE_MUNMAP 1
#define HAVE_RANDOM 1
#define HAVE_SELECT 1
#define HAVE_SRAND 1
#define HAVE_SRANDOM 1
#define HAVE_STRCASECMP 1
#define HAVE_STRCHR 1
#define HAVE_STRDUP 1
#define HAVE_STRERROR 1
#define HAVE_STRRCHR 1
#define HAVE_STRTOL 1
#define HAVE_STRTOUL 1
#define HAVE_STRTOULL 1
#define HAVE_UNAME 1
#define HAVE_UTIME 1
#define HAVE_LLSEEK 1
#define HAVE_LSEEK64 1
#define FUSE_USE_VERSION 27
#define ENABLE_DEBUG 1
#define ENABLE_SWAPFS 1

configure: exit 0

## ---------------------- ##
## Running config.status. ##
## ---------------------- ##

This file was extended by fuse-ufs config.status 0.0.1, which was
generated by GNU Autoconf 2.69.  Invocation command line was

  CONFIG_FILES    = 
  CONFIG_HEADERS  = 
  CONFIG_LINKS    = 
  CONFIG_COMMANDS = 
  $ ./config.status fuse-ufs.pc

on devils-den

config.status:1242: creating fuse-ufs.pc

## ---------------------- ##
## Running config.status. ##
## ---------------------- ##

This file was extended by fuse-ufs config.status 0.0.1, which was
generated by GNU Autoconf 2.69.  Invocation command line was

  CONFIG_FILES    = 
  CONFIG_HEADERS  = 
  CONFIG_LINKS    = 
  CONFIG_COMMANDS = 
  $ ./config.status fuse-ufs/Makefile depfiles

on devils-den

config.status:1242: creating fuse-ufs/Makefile
config.status:1471: executing depfiles commands

## ---------------------- ##
## Running config.status. ##
## ---------------------- ##

This file was extended by fuse-ufs config.status 0.0.1, which was
generated by GNU Autoconf 2.69.  Invocation command line was

  CONFIG_FILES    = 
  CONFIG_HEADERS  = 
  CONFIG_LINKS    = 
  CONFIG_COMMANDS = 
  $ ./config.status fuse-ufs/Makefile depfiles

on devils-den

config.status:1242: creating fuse-ufs/Makefile
config.status:1471: executing depfiles commands
